This is pdfTeX, Version 3.1415926-2.3-1.40.12 (MiKTeX 2.9) (preloaded format=pdflatex 2012.11.23)  7 JUN 2014 01:33
entering extended mode
**C:/Users/Haim_Cohen/Dropbox/HaimKoby/Thesis_haim/Seminar/Seminar_haim.tex
(C:/Users/Haim_Cohen/Dropbox/HaimKoby/Thesis_haim/Seminar/Seminar_haim.tex
LaTeX2e <2009/09/24>
Babel <v3.8l> and hyphenation patterns for english, afrikaans, ancientgreek, ar
abic, armenian, assamese, basque, bengali, bokmal, bulgarian, catalan, coptic, 
croatian, czech, danish, dutch, esperanto, estonian, farsi, finnish, french, ga
lician, german, german-x-2009-06-19, greek, gujarati, hindi, hungarian, iceland
ic, indonesian, interlingua, irish, italian, kannada, kurmanji, lao, latin, lat
vian, lithuanian, malayalam, marathi, mongolian, mongolianlmc, monogreek, ngerm
an, ngerman-x-2009-06-19, nynorsk, oriya, panjabi, pinyin, polish, portuguese, 
romanian, russian, sanskrit, serbian, slovak, slovenian, spanish, swedish, swis
sgerman, tamil, telugu, turkish, turkmen, ukenglish, ukrainian, uppersorbian, u
senglishmax, welsh, loaded.
(C:\Users\Haim_Cohen\Dropbox\HaimKoby\Thesis_haim\Seminar\beamer.cls
(C:\Users\Haim_Cohen\AppData\Roaming\MiKTeX\2.9\tex\latex\beamer\base\beamerbas
ercs.sty
Package: beamerbasercs 2012/10/28 (rcs-revision c011175e662f)
)
Document Class: beamer 2007/03/11 cvs version 3.07 A class for typesetting pres
entations (rcs-revision 1.70)

(C:\Users\Haim_Cohen\AppData\Roaming\MiKTeX\2.9\tex\latex\beamer\base\beamerbas
emodes.sty
Package: beamerbasemodes 2012/04/15 (rcs-revision cc6557182d97)
\beamer@tempbox=\box26
\beamer@tempcount=\count79
\c@beamerpauses=\count80

(C:\Users\Haim_Cohen\AppData\Roaming\MiKTeX\2.9\tex\latex\beamer\base\beamerbas
edecode.sty
Package: beamerbasedecode 2010/05/01 (rcs-revision efa082c6111d)
\beamer@slideinframe=\count81
\beamer@minimum=\count82
)
\beamer@commentbox=\box27
\beamer@modecount=\count83
)
\headheight=\dimen102
\headdp=\dimen103
\footheight=\dimen104
\sidebarheight=\dimen105
\beamer@tempdim=\dimen106
\beamer@finalheight=\dimen107
\beamer@animht=\dimen108
\beamer@animdp=\dimen109
\beamer@animwd=\dimen110
\beamer@leftmargin=\dimen111
\beamer@rightmargin=\dimen112
\beamer@leftsidebar=\dimen113
\beamer@rightsidebar=\dimen114
\beamer@boxsize=\dimen115
\beamer@vboxoffset=\dimen116
\beamer@descdefault=\dimen117
\beamer@descriptionwidth=\dimen118
\beamer@lastskip=\skip41
\beamer@areabox=\box28
\beamer@animcurrent=\box29
\beamer@animshowbox=\box30
\beamer@sectionbox=\box31
\beamer@logobox=\box32
\beamer@linebox=\box33
\beamer@sectioncount=\count84
\beamer@subsubsectionmax=\count85
\beamer@subsectionmax=\count86
\beamer@sectionmax=\count87
\beamer@totalheads=\count88
\beamer@headcounter=\count89
\beamer@partstartpage=\count90
\beamer@sectionstartpage=\count91
\beamer@subsectionstartpage=\count92
\beamer@animationtempa=\count93
\beamer@animationtempb=\count94
\beamer@xpos=\count95
\beamer@ypos=\count96
\beamer@showpartnumber=\count97
\beamer@currentsubsection=\count98
\beamer@coveringdepth=\count99
\beamer@sectionadjust=\count100
\beamer@tocsectionnumber=\count101

(C:\Users\Haim_Cohen\AppData\Roaming\MiKTeX\2.9\tex\latex\beamer\base\beamerbas
eoptions.sty
Package: beamerbaseoptions 2010/04/27 (rcs-revision 982469101dd6)
 ("C:\Program Files (x86)\MiKTeX 2.9\tex\latex\graphics\keyval.sty"
Package: keyval 1999/03/16 v1.13 key=value parser (DPC)
\KV@toks@=\toks14
))
(C:\Users\Haim_Cohen\AppData\Roaming\MiKTeX\2.9\tex\latex\pgf\basiclayer\pgfcor
e.sty ("C:\Program Files (x86)\MiKTeX 2.9\tex\latex\graphics\graphicx.sty"
Package: graphicx 1999/02/16 v1.0f Enhanced LaTeX Graphics (DPC,SPQR)

("C:\Program Files (x86)\MiKTeX 2.9\tex\latex\graphics\graphics.sty"
Package: graphics 2009/02/05 v1.0o Standard LaTeX Graphics (DPC,SPQR)

("C:\Program Files (x86)\MiKTeX 2.9\tex\latex\graphics\trig.sty"
Package: trig 1999/03/16 v1.09 sin cos tan (DPC)
)
("C:\Program Files (x86)\MiKTeX 2.9\tex\latex\00miktex\graphics.cfg"
File: graphics.cfg 2007/01/18 v1.5 graphics configuration of teTeX/TeXLive
)
Package graphics Info: Driver file: pdftex.def on input line 91.

("C:\Program Files (x86)\MiKTeX 2.9\tex\latex\pdftex-def\pdftex.def"
File: pdftex.def 2011/05/27 v0.06d Graphics/color for pdfTeX

("C:\Program Files (x86)\MiKTeX 2.9\tex\generic\oberdiek\infwarerr.sty"
Package: infwarerr 2010/04/08 v1.3 Providing info/warning/message (HO)
)
("C:\Program Files (x86)\MiKTeX 2.9\tex\generic\oberdiek\ltxcmds.sty"
Package: ltxcmds 2011/04/18 v1.20 LaTeX kernel commands for general use (HO)
)
\Gread@gobject=\count102
))
\Gin@req@height=\dimen119
\Gin@req@width=\dimen120
)
(C:\Users\Haim_Cohen\AppData\Roaming\MiKTeX\2.9\tex\latex\pgf\systemlayer\pgfsy
s.sty
(C:\Users\Haim_Cohen\AppData\Roaming\MiKTeX\2.9\tex\latex\pgf\utilities\pgfrcs.
sty
(C:\Users\Haim_Cohen\AppData\Roaming\MiKTeX\2.9\tex\generic\pgf\utilities\pgfut
il-common.tex
\pgfutil@everybye=\toks15
)
(C:\Users\Haim_Cohen\AppData\Roaming\MiKTeX\2.9\tex\generic\pgf\utilities\pgfut
il-latex.def
\pgfutil@abb=\box34

(C:\Users\Haim_Cohen\AppData\Roaming\MiKTeX\2.9\tex\latex\ms\everyshi.sty
Package: everyshi 2001/05/15 v3.00 EveryShipout Package (MS)
))
(C:\Users\Haim_Cohen\AppData\Roaming\MiKTeX\2.9\tex\generic\pgf\utilities\pgfrc
s.code.tex
Package: pgfrcs 2010/10/25 v2.10 (rcs-revision 1.24)
))
(C:\Users\Haim_Cohen\AppData\Roaming\MiKTeX\2.9\tex\generic\pgf\systemlayer\pgf
sys.code.tex
Package: pgfsys 2010/06/30 v2.10 (rcs-revision 1.37)

(C:\Users\Haim_Cohen\AppData\Roaming\MiKTeX\2.9\tex\generic\pgf\utilities\pgfke
ys.code.tex
\pgfkeys@pathtoks=\toks16
\pgfkeys@temptoks=\toks17

(C:\Users\Haim_Cohen\AppData\Roaming\MiKTeX\2.9\tex\generic\pgf\utilities\pgfke
ysfiltered.code.tex
\pgfkeys@tmptoks=\toks18
))
\pgf@x=\dimen121
\pgf@y=\dimen122
\pgf@xa=\dimen123
\pgf@ya=\dimen124
\pgf@xb=\dimen125
\pgf@yb=\dimen126
\pgf@xc=\dimen127
\pgf@yc=\dimen128
\w@pgf@writea=\write3
\r@pgf@reada=\read1
\c@pgf@counta=\count103
\c@pgf@countb=\count104
\c@pgf@countc=\count105
\c@pgf@countd=\count106

(C:\Users\Haim_Cohen\AppData\Roaming\MiKTeX\2.9\tex\generic\pgf\systemlayer\pgf
.cfg
File: pgf.cfg 2008/05/14  (rcs-revision 1.7)
)
Package pgfsys Info: Driver file for pgf: pgfsys-pdftex.def on input line 900.

(C:\Users\Haim_Cohen\AppData\Roaming\MiKTeX\2.9\tex\generic\pgf\systemlayer\pgf
sys-pdftex.def
File: pgfsys-pdftex.def 2009/05/22  (rcs-revision 1.26)

(C:\Users\Haim_Cohen\AppData\Roaming\MiKTeX\2.9\tex\generic\pgf\systemlayer\pgf
sys-common-pdf.def
File: pgfsys-common-pdf.def 2008/05/19  (rcs-revision 1.10)
)))
(C:\Users\Haim_Cohen\AppData\Roaming\MiKTeX\2.9\tex\generic\pgf\systemlayer\pgf
syssoftpath.code.tex
File: pgfsyssoftpath.code.tex 2008/07/18  (rcs-revision 1.7)
\pgfsyssoftpath@smallbuffer@items=\count107
\pgfsyssoftpath@bigbuffer@items=\count108
)
(C:\Users\Haim_Cohen\AppData\Roaming\MiKTeX\2.9\tex\generic\pgf\systemlayer\pgf
sysprotocol.code.tex
File: pgfsysprotocol.code.tex 2006/10/16  (rcs-revision 1.4)
))
(C:\Users\Haim_Cohen\AppData\Roaming\MiKTeX\2.9\tex\latex\xcolor\xcolor.sty
Package: xcolor 2007/01/21 v2.11 LaTeX color extensions (UK)

("C:\Program Files (x86)\MiKTeX 2.9\tex\latex\00miktex\color.cfg"
File: color.cfg 2007/01/18 v1.5 color configuration of teTeX/TeXLive
)
Package xcolor Info: Driver file: pdftex.def on input line 225.
Package xcolor Info: Model `cmy' substituted by `cmy0' on input line 1337.
Package xcolor Info: Model `hsb' substituted by `rgb' on input line 1341.
Package xcolor Info: Model `RGB' extended on input line 1353.
Package xcolor Info: Model `HTML' substituted by `rgb' on input line 1355.
Package xcolor Info: Model `Hsb' substituted by `hsb' on input line 1356.
Package xcolor Info: Model `tHsb' substituted by `hsb' on input line 1357.
Package xcolor Info: Model `HSB' substituted by `hsb' on input line 1358.
Package xcolor Info: Model `Gray' substituted by `gray' on input line 1359.
Package xcolor Info: Model `wave' substituted by `hsb' on input line 1360.
)
(C:\Users\Haim_Cohen\AppData\Roaming\MiKTeX\2.9\tex\generic\pgf\basiclayer\pgfc
ore.code.tex
Package: pgfcore 2010/04/11 v2.10 (rcs-revision 1.7)

(C:\Users\Haim_Cohen\AppData\Roaming\MiKTeX\2.9\tex\generic\pgf\math\pgfmath.co
de.tex
(C:\Users\Haim_Cohen\AppData\Roaming\MiKTeX\2.9\tex\generic\pgf\math\pgfmathcal
c.code.tex
(C:\Users\Haim_Cohen\AppData\Roaming\MiKTeX\2.9\tex\generic\pgf\math\pgfmathuti
l.code.tex)
(C:\Users\Haim_Cohen\AppData\Roaming\MiKTeX\2.9\tex\generic\pgf\math\pgfmathpar
ser.code.tex
\pgfmath@dimen=\dimen129
\pgfmath@count=\count109
\pgfmath@box=\box35
\pgfmath@toks=\toks19
\pgfmath@stack@operand=\toks20
\pgfmath@stack@operation=\toks21
)
(C:\Users\Haim_Cohen\AppData\Roaming\MiKTeX\2.9\tex\generic\pgf\math\pgfmathfun
ctions.code.tex
(C:\Users\Haim_Cohen\AppData\Roaming\MiKTeX\2.9\tex\generic\pgf\math\pgfmathfun
ctions.basic.code.tex)
(C:\Users\Haim_Cohen\AppData\Roaming\MiKTeX\2.9\tex\generic\pgf\math\pgfmathfun
ctions.trigonometric.code.tex)
(C:\Users\Haim_Cohen\AppData\Roaming\MiKTeX\2.9\tex\generic\pgf\math\pgfmathfun
ctions.random.code.tex)
(C:\Users\Haim_Cohen\AppData\Roaming\MiKTeX\2.9\tex\generic\pgf\math\pgfmathfun
ctions.comparison.code.tex)
(C:\Users\Haim_Cohen\AppData\Roaming\MiKTeX\2.9\tex\generic\pgf\math\pgfmathfun
ctions.base.code.tex)
(C:\Users\Haim_Cohen\AppData\Roaming\MiKTeX\2.9\tex\generic\pgf\math\pgfmathfun
ctions.round.code.tex)
(C:\Users\Haim_Cohen\AppData\Roaming\MiKTeX\2.9\tex\generic\pgf\math\pgfmathfun
ctions.misc.code.tex)))
(C:\Users\Haim_Cohen\AppData\Roaming\MiKTeX\2.9\tex\generic\pgf\math\pgfmathflo
at.code.tex
\c@pgfmathroundto@lastzeros=\count110
))
(C:\Users\Haim_Cohen\AppData\Roaming\MiKTeX\2.9\tex\generic\pgf\basiclayer\pgfc
orepoints.code.tex
File: pgfcorepoints.code.tex 2010/04/09  (rcs-revision 1.20)
\pgf@picminx=\dimen130
\pgf@picmaxx=\dimen131
\pgf@picminy=\dimen132
\pgf@picmaxy=\dimen133
\pgf@pathminx=\dimen134
\pgf@pathmaxx=\dimen135
\pgf@pathminy=\dimen136
\pgf@pathmaxy=\dimen137
\pgf@xx=\dimen138
\pgf@xy=\dimen139
\pgf@yx=\dimen140
\pgf@yy=\dimen141
\pgf@zx=\dimen142
\pgf@zy=\dimen143
)
(C:\Users\Haim_Cohen\AppData\Roaming\MiKTeX\2.9\tex\generic\pgf\basiclayer\pgfc
orepathconstruct.code.tex
File: pgfcorepathconstruct.code.tex 2010/08/03  (rcs-revision 1.24)
\pgf@path@lastx=\dimen144
\pgf@path@lasty=\dimen145
)
(C:\Users\Haim_Cohen\AppData\Roaming\MiKTeX\2.9\tex\generic\pgf\basiclayer\pgfc
orepathusage.code.tex
File: pgfcorepathusage.code.tex 2008/04/22  (rcs-revision 1.12)
\pgf@shorten@end@additional=\dimen146
\pgf@shorten@start@additional=\dimen147
)
(C:\Users\Haim_Cohen\AppData\Roaming\MiKTeX\2.9\tex\generic\pgf\basiclayer\pgfc
orescopes.code.tex
File: pgfcorescopes.code.tex 2010/09/08  (rcs-revision 1.34)
\pgfpic=\box36
\pgf@hbox=\box37
\pgf@layerbox@main=\box38
\pgf@picture@serial@count=\count111
)
(C:\Users\Haim_Cohen\AppData\Roaming\MiKTeX\2.9\tex\generic\pgf\basiclayer\pgfc
oregraphicstate.code.tex
File: pgfcoregraphicstate.code.tex 2008/04/22  (rcs-revision 1.9)
\pgflinewidth=\dimen148
)
(C:\Users\Haim_Cohen\AppData\Roaming\MiKTeX\2.9\tex\generic\pgf\basiclayer\pgfc
oretransformations.code.tex
File: pgfcoretransformations.code.tex 2009/06/10  (rcs-revision 1.11)
\pgf@pt@x=\dimen149
\pgf@pt@y=\dimen150
\pgf@pt@temp=\dimen151
)
(C:\Users\Haim_Cohen\AppData\Roaming\MiKTeX\2.9\tex\generic\pgf\basiclayer\pgfc
orequick.code.tex
File: pgfcorequick.code.tex 2008/10/09  (rcs-revision 1.3)
)
(C:\Users\Haim_Cohen\AppData\Roaming\MiKTeX\2.9\tex\generic\pgf\basiclayer\pgfc
oreobjects.code.tex
File: pgfcoreobjects.code.tex 2006/10/11  (rcs-revision 1.2)
)
(C:\Users\Haim_Cohen\AppData\Roaming\MiKTeX\2.9\tex\generic\pgf\basiclayer\pgfc
orepathprocessing.code.tex
File: pgfcorepathprocessing.code.tex 2008/10/09  (rcs-revision 1.8)
)
(C:\Users\Haim_Cohen\AppData\Roaming\MiKTeX\2.9\tex\generic\pgf\basiclayer\pgfc
orearrows.code.tex
File: pgfcorearrows.code.tex 2008/04/23  (rcs-revision 1.11)
)
(C:\Users\Haim_Cohen\AppData\Roaming\MiKTeX\2.9\tex\generic\pgf\basiclayer\pgfc
oreshade.code.tex
File: pgfcoreshade.code.tex 2008/11/23  (rcs-revision 1.13)
\pgf@max=\dimen152
\pgf@sys@shading@range@num=\count112
)
(C:\Users\Haim_Cohen\AppData\Roaming\MiKTeX\2.9\tex\generic\pgf\basiclayer\pgfc
oreimage.code.tex
File: pgfcoreimage.code.tex 2010/03/25  (rcs-revision 1.16)

(C:\Users\Haim_Cohen\AppData\Roaming\MiKTeX\2.9\tex\generic\pgf\basiclayer\pgfc
oreexternal.code.tex
File: pgfcoreexternal.code.tex 2010/09/01  (rcs-revision 1.17)
\pgfexternal@startupbox=\box39
))
(C:\Users\Haim_Cohen\AppData\Roaming\MiKTeX\2.9\tex\generic\pgf\basiclayer\pgfc
orelayers.code.tex
File: pgfcorelayers.code.tex 2010/08/27  (rcs-revision 1.2)
)
(C:\Users\Haim_Cohen\AppData\Roaming\MiKTeX\2.9\tex\generic\pgf\basiclayer\pgfc
oretransparency.code.tex
File: pgfcoretransparency.code.tex 2008/01/17  (rcs-revision 1.2)
)
(C:\Users\Haim_Cohen\AppData\Roaming\MiKTeX\2.9\tex\generic\pgf\basiclayer\pgfc
orepatterns.code.tex
File: pgfcorepatterns.code.tex 2009/07/02  (rcs-revision 1.3)
)))
(C:\Users\Haim_Cohen\AppData\Roaming\MiKTeX\2.9\tex\latex\pgf\basiclayer\pgfbas
eimage.sty

Package pgf Warning: This package is obsolete and no longer needed on input lin
e 13.

)
(C:\Users\Haim_Cohen\AppData\Roaming\MiKTeX\2.9\tex\latex\pgf\utilities\xxcolor
.sty
Package: xxcolor 2003/10/24 ver 0.1
\XC@nummixins=\count113
\XC@countmixins=\count114
) ("C:\Program Files (x86)\MiKTeX 2.9\tex\latex\amsfonts\amssymb.sty"
Package: amssymb 2009/06/22 v3.00

("C:\Program Files (x86)\MiKTeX 2.9\tex\latex\amsfonts\amsfonts.sty"
Package: amsfonts 2009/06/22 v3.00 Basic AMSFonts support
\@emptytoks=\toks22
\symAMSa=\mathgroup4
\symAMSb=\mathgroup5
LaTeX Font Info:    Overwriting math alphabet `\mathfrak' in version `bold'
(Font)                  U/euf/m/n --> U/euf/b/n on input line 96.
))
("C:\Program Files (x86)\MiKTeX 2.9\tex\latex\geometry\geometry.sty"
Package: geometry 2010/09/12 v5.6 Page Geometry

("C:\Program Files (x86)\MiKTeX 2.9\tex\generic\oberdiek\ifpdf.sty"
Package: ifpdf 2011/01/30 v2.3 Provides the ifpdf switch (HO)
Package ifpdf Info: pdfTeX in PDF mode is detected.
)
("C:\Program Files (x86)\MiKTeX 2.9\tex\generic\oberdiek\ifvtex.sty"
Package: ifvtex 2010/03/01 v1.5 Switches for detecting VTeX and its modes (HO)
Package ifvtex Info: VTeX not detected.
)
("C:\Program Files (x86)\MiKTeX 2.9\tex\generic\ifxetex\ifxetex.sty"
Package: ifxetex 2010/09/12 v0.6 Provides ifxetex conditional
)
\Gm@cnth=\count115
\Gm@cntv=\count116
\c@Gm@tempcnt=\count117
\Gm@bindingoffset=\dimen153
\Gm@wd@mp=\dimen154
\Gm@odd@mp=\dimen155
\Gm@even@mp=\dimen156
\Gm@layoutwidth=\dimen157
\Gm@layoutheight=\dimen158
\Gm@layouthoffset=\dimen159
\Gm@layoutvoffset=\dimen160
\Gm@dimlist=\toks23

("C:\Program Files (x86)\MiKTeX 2.9\tex\latex\geometry\geometry.cfg"))
("C:\Program Files (x86)\MiKTeX 2.9\tex\latex\hyperref\hyperref.sty"
Package: hyperref 2011/04/17 v6.82g Hypertext links for LaTeX

("C:\Program Files (x86)\MiKTeX 2.9\tex\generic\oberdiek\hobsub-hyperref.sty"
Package: hobsub-hyperref 2011/04/23 v1.4 Bundle oberdiek, subset hyperref (HO)

("C:\Program Files (x86)\MiKTeX 2.9\tex\generic\oberdiek\hobsub-generic.sty"
Package: hobsub-generic 2011/04/23 v1.4 Bundle oberdiek, subset generic (HO)
Package: hobsub 2011/04/23 v1.4 Subsetting bundle oberdiek (HO)
Package hobsub Info: Skipping package `infwarerr' (already loaded).
Package hobsub Info: Skipping package `ltxcmds' (already loaded).
Package: ifluatex 2010/03/01 v1.3 Provides the ifluatex switch (HO)
Package ifluatex Info: LuaTeX not detected.
Package hobsub Info: Skipping package `ifvtex' (already loaded).
Package: intcalc 2007/09/27 v1.1 Expandable integer calculations (HO)
Package hobsub Info: Skipping package `ifpdf' (already loaded).
Package: etexcmds 2011/02/16 v1.5 Prefix for e-TeX command names (HO)
Package etexcmds Info: Could not find \expanded.
(etexcmds)             That can mean that you are not using pdfTeX 1.50 or
(etexcmds)             that some package has redefined \expanded.
(etexcmds)             In the latter case, load this package earlier.
Package: kvsetkeys 2011/04/07 v1.13 Key value parser (HO)
Package: kvdefinekeys 2011/04/07 v1.3 Defining keys (HO)
Package: pdftexcmds 2011/04/22 v0.16 Utilities of pdfTeX for LuaTeX (HO)
Package pdftexcmds Info: LuaTeX not detected.
Package pdftexcmds Info: \pdf@primitive is available.
Package pdftexcmds Info: \pdf@ifprimitive is available.
Package pdftexcmds Info: \pdfdraftmode found.
Package: pdfescape 2011/04/04 v1.12 Provides string conversions (HO)
Package: bigintcalc 2011/01/30 v1.2 Expandable big integer calculations (HO)
Package: bitset 2011/01/30 v1.1 Data type bit set (HO)
Package: uniquecounter 2011/01/30 v1.2 Provides unlimited unique counter (HO)
)
Package hobsub Info: Skipping package `hobsub' (already loaded).
Package: letltxmacro 2010/09/02 v1.4 Let assignment for LaTeX macros (HO)
Package: hopatch 2011/01/30 v1.0 Wrapper for package hooks (HO)
Package: xcolor-patch 2011/01/30 xcolor patch
Package: atveryend 2011/04/23 v1.7 Hooks at very end of document (HO)
Package atveryend Info: \enddocument detected (standard).
Package: atbegshi 2011/01/30 v1.15 At begin shipout hook (HO)
Package: refcount 2010/12/01 v3.2 Data extraction from references (HO)
Package: hycolor 2011/01/30 v1.7 Color options of hyperref/bookmark (HO)
)
("C:\Program Files (x86)\MiKTeX 2.9\tex\latex\oberdiek\kvoptions.sty"
Package: kvoptions 2010/12/23 v3.10 Keyval support for LaTeX options (HO)
)
\@linkdim=\dimen161
\Hy@linkcounter=\count118
\Hy@pagecounter=\count119

("C:\Program Files (x86)\MiKTeX 2.9\tex\latex\hyperref\pd1enc.def"
File: pd1enc.def 2011/04/17 v6.82g Hyperref: PDFDocEncoding definition (HO)
)
\Hy@SavedSpaceFactor=\count120

("C:\Program Files (x86)\MiKTeX 2.9\tex\latex\00miktex\hyperref.cfg"
File: hyperref.cfg 2002/06/06 v1.2 hyperref configuration of TeXLive
)
Package hyperref Info: Option `bookmarks' set `true' on input line 3905.
Package hyperref Info: Option `bookmarksopen' set `true' on input line 3905.
Package hyperref Info: Option `implicit' set `false' on input line 3905.
Package hyperref Info: Hyper figures OFF on input line 4026.
Package hyperref Info: Link nesting OFF on input line 4031.
Package hyperref Info: Hyper index ON on input line 4034.
Package hyperref Info: Plain pages OFF on input line 4041.
Package hyperref Info: Backreferencing OFF on input line 4046.
Package hyperref Info: Implicit mode OFF; no redefinition of LaTeX internals.
Package hyperref Info: Bookmarks ON on input line 4264.
\c@Hy@tempcnt=\count121

("C:\Program Files (x86)\MiKTeX 2.9\tex\latex\ltxmisc\url.sty"
\Urlmuskip=\muskip10
Package: url 2006/04/12  ver 3.3  Verb mode for urls, etc.
)
LaTeX Info: Redefining \url on input line 4617.
\Fld@menulength=\count122
\Field@Width=\dimen162
\Fld@charsize=\dimen163
Package hyperref Info: Hyper figures OFF on input line 5701.
Package hyperref Info: Link nesting OFF on input line 5706.
Package hyperref Info: Hyper index ON on input line 5709.
Package hyperref Info: backreferencing OFF on input line 5716.
Package hyperref Info: Link coloring OFF on input line 5721.
Package hyperref Info: Link coloring with OCG OFF on input line 5726.
Package hyperref Info: PDF/A mode OFF on input line 5731.
LaTeX Info: Redefining \ref on input line 5771.
LaTeX Info: Redefining \pageref on input line 5775.


Package hyperref Warning: Option `pdfpagelabels' is turned off
(hyperref)                because \thepage is undefined.


Package hyperref Message: Stopped early.

)

Package hyperref Message: Driver (autodetected): hpdftex.

("C:\Program Files (x86)\MiKTeX 2.9\tex\latex\hyperref\hpdftex.def"
File: hpdftex.def 2011/04/17 v6.82g Hyperref driver for pdfTeX
\Fld@listcount=\count123
\c@bookmark@seq@number=\count124

("C:\Program Files (x86)\MiKTeX 2.9\tex\latex\oberdiek\rerunfilecheck.sty"
Package: rerunfilecheck 2011/04/15 v1.7 Rerun checks for auxiliary files (HO)
Package uniquecounter Info: New unique counter `rerunfilecheck' on input line 2
82.
))
("C:\Program Files (x86)\MiKTeX 2.9\tex\latex\base\size11.clo"
File: size11.clo 2007/10/19 v1.4h Standard LaTeX file (size option)
)
(C:\Users\Haim_Cohen\AppData\Roaming\MiKTeX\2.9\tex\latex\beamer\base\beamerbas
ecompatibility.sty
Package: beamerbasecompatibility 2012/05/01  (rcs-revision 67c48b3b652d)
)
(C:\Users\Haim_Cohen\AppData\Roaming\MiKTeX\2.9\tex\latex\beamer\base\beamerbas
efont.sty
Package: beamerbasefont 2012/09/19  (rcs-revision 733629cd0c6c)
)
(C:\Users\Haim_Cohen\AppData\Roaming\MiKTeX\2.9\tex\latex\beamer\base\beamerbas
emisc.sty
Package: beamerbasemisc 2012/02/24  (rcs-revision 2ff5461be705)
)
(C:\Users\Haim_Cohen\AppData\Roaming\MiKTeX\2.9\tex\latex\beamer\base\beamerbas
etwoscreens.sty
Package: beamerbasetwoscreens 2010/05/01  (rcs-revision efa082c6111d)
)
(C:\Users\Haim_Cohen\AppData\Roaming\MiKTeX\2.9\tex\latex\beamer\base\beamerbas
eoverlay.sty
Package: beamerbaseoverlay 2012/04/03  (rcs-revision 45744d9ae88b)
\beamer@argscount=\count125
\beamer@lastskipcover=\skip42
\beamer@trivlistdepth=\count126
)
(C:\Users\Haim_Cohen\AppData\Roaming\MiKTeX\2.9\tex\latex\beamer\base\beamerbas
etitle.sty
Package: beamerbasetitle 2010/09/21  (rcs-revision f0446ed0b6ae)
)
(C:\Users\Haim_Cohen\AppData\Roaming\MiKTeX\2.9\tex\latex\beamer\base\beamerbas
esection.sty
Package: beamerbasesection 2012/05/30  (rcs-revision 22ff49def670)
\c@lecture=\count127
\c@part=\count128
\c@section=\count129
\c@subsection=\count130
\c@subsubsection=\count131
)
(C:\Users\Haim_Cohen\AppData\Roaming\MiKTeX\2.9\tex\latex\beamer\base\beamerbas
eframe.sty
Package: beamerbaseframe 2012/09/13  (rcs-revision dcd846607320)
\beamer@framebox=\box40
\beamer@frametitlebox=\box41
\beamer@zoombox=\box42
\beamer@zoomcount=\count132
\beamer@zoomframecount=\count133
\beamer@frametextheight=\dimen164
\c@subsectionslide=\count134
\beamer@frametopskip=\skip43
\beamer@framebottomskip=\skip44
\beamer@frametopskipautobreak=\skip45
\beamer@framebottomskipautobreak=\skip46
\beamer@envbody=\toks24
\framewidth=\dimen165
\c@framenumber=\count135
)
(C:\Users\Haim_Cohen\AppData\Roaming\MiKTeX\2.9\tex\latex\beamer\base\beamerbas
everbatim.sty
Package: beamerbaseverbatim 2012/08/30  (rcs-revision dfdb135076b3)
\beamer@verbatimfileout=\write4
)
(C:\Users\Haim_Cohen\AppData\Roaming\MiKTeX\2.9\tex\latex\beamer\base\beamerbas
eframesize.sty
Package: beamerbaseframesize 2011/09/12  (rcs-revision 70f9d8411e54)
\beamer@splitbox=\box43
\beamer@autobreakcount=\count136
\beamer@autobreaklastheight=\dimen166
\beamer@frametitletoks=\toks25
\beamer@framesubtitletoks=\toks26
)
(C:\Users\Haim_Cohen\AppData\Roaming\MiKTeX\2.9\tex\latex\beamer\base\beamerbas
eframecomponents.sty
Package: beamerbaseframecomponents 2012/09/13  (rcs-revision dcd846607320)
\beamer@footins=\box44
)
(C:\Users\Haim_Cohen\AppData\Roaming\MiKTeX\2.9\tex\latex\beamer\base\beamerbas
ecolor.sty
Package: beamerbasecolor 2010/06/06  (rcs-revision d1a9b48be06d)
)
(C:\Users\Haim_Cohen\AppData\Roaming\MiKTeX\2.9\tex\latex\beamer\base\beamerbas
enotes.sty
Package: beamerbasenotes 2010/05/01  (rcs-revision efa082c6111d)
\beamer@frameboxcopy=\box45
)
(C:\Users\Haim_Cohen\AppData\Roaming\MiKTeX\2.9\tex\latex\beamer\base\beamerbas
etoc.sty
Package: beamerbasetoc 2012/10/02  (rcs-revision 5ed0f4010e8a)
)
(C:\Users\Haim_Cohen\AppData\Roaming\MiKTeX\2.9\tex\latex\beamer\base\beamerbas
etemplates.sty
Package: beamerbasetemplates 2010/05/01  (rcs-revision efa082c6111d)
\beamer@sbttoks=\toks27

(C:\Users\Haim_Cohen\AppData\Roaming\MiKTeX\2.9\tex\latex\beamer\base\beamerbas
eauxtemplates.sty
Package: beamerbaseauxtemplates 2012/05/01  (rcs-revision 67c48b3b652d)

(C:\Users\Haim_Cohen\AppData\Roaming\MiKTeX\2.9\tex\latex\beamer\base\beamerbas
eboxes.sty
Package: beamerbaseboxes 2012/05/13  (rcs-revision 56972908a390)
\bmb@box=\box46
\bmb@colorbox=\box47
\bmb@boxshadow=\box48
\bmb@boxshadowball=\box49
\bmb@boxshadowballlarge=\box50
\bmb@temp=\dimen167
\bmb@dima=\dimen168
\bmb@dimb=\dimen169
\bmb@prevheight=\dimen170
)
\beamer@blockheadheight=\dimen171
))
(C:\Users\Haim_Cohen\AppData\Roaming\MiKTeX\2.9\tex\latex\beamer\base\beamerbas
elocalstructure.sty
Package: beamerbaselocalstructure 2012/05/25  (rcs-revision 5ff5e8ed7c0e)

("C:\Program Files (x86)\MiKTeX 2.9\tex\latex\tools\enumerate.sty"
Package: enumerate 1999/03/05 v3.00 enumerate extensions (DPC)
\@enLab=\toks28
)
\c@figure=\count137
\c@table=\count138
\abovecaptionskip=\skip47
\belowcaptionskip=\skip48
)
(C:\Users\Haim_Cohen\AppData\Roaming\MiKTeX\2.9\tex\latex\beamer\base\beamerbas
enavigation.sty
Package: beamerbasenavigation 2012/04/03  (rcs-revision 42a0f21a412d)
\beamer@section@min@dim=\dimen172
)
(C:\Users\Haim_Cohen\AppData\Roaming\MiKTeX\2.9\tex\latex\beamer\base\beamerbas
etheorems.sty
Package: beamerbasetheorems 2010/06/06  (rcs-revision 7e7cc5e53e9d)
 ("C:\Program Files (x86)\MiKTeX 2.9\tex\latex\ams\math\amsmath.sty"
Package: amsmath 2000/07/18 v2.13 AMS math features
\@mathmargin=\skip49

For additional information on amsmath, use the `?' option.
("C:\Program Files (x86)\MiKTeX 2.9\tex\latex\ams\math\amstext.sty"
Package: amstext 2000/06/29 v2.01

("C:\Program Files (x86)\MiKTeX 2.9\tex\latex\ams\math\amsgen.sty"
File: amsgen.sty 1999/11/30 v2.0
\@emptytoks=\toks29
\ex@=\dimen173
))
("C:\Program Files (x86)\MiKTeX 2.9\tex\latex\ams\math\amsbsy.sty"
Package: amsbsy 1999/11/29 v1.2d
\pmbraise@=\dimen174
)
("C:\Program Files (x86)\MiKTeX 2.9\tex\latex\ams\math\amsopn.sty"
Package: amsopn 1999/12/14 v2.01 operator names
)
\inf@bad=\count139
LaTeX Info: Redefining \frac on input line 211.
\uproot@=\count140
\leftroot@=\count141
LaTeX Info: Redefining \overline on input line 307.
\classnum@=\count142
\DOTSCASE@=\count143
LaTeX Info: Redefining \ldots on input line 379.
LaTeX Info: Redefining \dots on input line 382.
LaTeX Info: Redefining \cdots on input line 467.
\Mathstrutbox@=\box51
\strutbox@=\box52
\big@size=\dimen175
LaTeX Font Info:    Redeclaring font encoding OML on input line 567.
LaTeX Font Info:    Redeclaring font encoding OMS on input line 568.
\macc@depth=\count144
\c@MaxMatrixCols=\count145
\dotsspace@=\muskip11
\c@parentequation=\count146
\dspbrk@lvl=\count147
\tag@help=\toks30
\row@=\count148
\column@=\count149
\maxfields@=\count150
\andhelp@=\toks31
\eqnshift@=\dimen176
\alignsep@=\dimen177
\tagshift@=\dimen178
\tagwidth@=\dimen179
\totwidth@=\dimen180
\lineht@=\dimen181
\@envbody=\toks32
\multlinegap=\skip50
\multlinetaggap=\skip51
\mathdisplay@stack=\toks33
LaTeX Info: Redefining \[ on input line 2666.
LaTeX Info: Redefining \] on input line 2667.
)
("C:\Program Files (x86)\MiKTeX 2.9\tex\latex\ams\classes\amsthm.sty"
Package: amsthm 2004/08/06 v2.20
\thm@style=\toks34
\thm@bodyfont=\toks35
\thm@headfont=\toks36
\thm@notefont=\toks37
\thm@headpunct=\toks38
\thm@preskip=\skip52
\thm@postskip=\skip53
\thm@headsep=\skip54
\dth@everypar=\toks39
)
\c@theorem=\count151
)
(C:\Users\Haim_Cohen\AppData\Roaming\MiKTeX\2.9\tex\latex\beamer\base\beamerbas
ethemes.sty
Package: beamerbasethemes 2010/05/01  (rcs-revision efa082c6111d)
)
(C:\Users\Haim_Cohen\AppData\Roaming\MiKTeX\2.9\tex\latex\beamer\base\themes\th
eme\beamerthemedefault.sty
Package: beamerthemedefault 2010/06/17  (rcs-revision d02a7cf4d8ae)

(C:\Users\Haim_Cohen\AppData\Roaming\MiKTeX\2.9\tex\latex\beamer\base\themes\fo
nt\beamerfontthemedefault.sty
Package: beamerfontthemedefault 2010/06/17  (rcs-revision d02a7cf4d8ae)
)
(C:\Users\Haim_Cohen\AppData\Roaming\MiKTeX\2.9\tex\latex\beamer\base\themes\co
lor\beamercolorthemedefault.sty
Package: beamercolorthemedefault 2010/06/17  (rcs-revision d02a7cf4d8ae)
)
(C:\Users\Haim_Cohen\AppData\Roaming\MiKTeX\2.9\tex\latex\beamer\base\themes\in
ner\beamerinnerthemedefault.sty
Package: beamerinnerthemedefault 2012/05/01  (rcs-revision 67c48b3b652d)
\beamer@dima=\dimen182
\beamer@dimb=\dimen183
)
(C:\Users\Haim_Cohen\AppData\Roaming\MiKTeX\2.9\tex\latex\beamer\base\themes\ou
ter\beamerouterthemedefault.sty
Package: beamerouterthemedefault 2012/10/02  (rcs-revision 5ed0f4010e8a)
)))
("C:\Program Files (x86)\MiKTeX 2.9\tex\generic\babel\babel.sty"
Package: babel 2008/07/06 v3.8l The Babel package

*************************************
* Local config file bblopts.cfg used
*
("C:\Program Files (x86)\MiKTeX 2.9\tex\latex\00miktex\bblopts.cfg"
File: bblopts.cfg 2006/07/31 v1.0 MiKTeX 'babel' configuration
)
("C:\Program Files (x86)\MiKTeX 2.9\tex\generic\babel\english.ldf"
Language: english 2005/03/30 v3.3o English support from the babel system

("C:\Program Files (x86)\MiKTeX 2.9\tex\generic\babel\babel.def"
File: babel.def 2008/07/06 v3.8l Babel common definitions
LaTeX Info: Redefining \textlatin on input line 82.
\babel@savecnt=\count152
\U@D=\dimen184
)
\l@canadian = a dialect from \language\l@american 
\l@australian = a dialect from \language\l@british 
\l@newzealand = a dialect from \language\l@british 
))
(C:\Users\Haim_Cohen\Dropbox\HaimKoby\Thesis_haim\Seminar\beamerthemesplit.sty
Package: beamerthemesplit 2007/01/28  (rcs-revision 1.9)

(C:\Users\Haim_Cohen\AppData\Roaming\MiKTeX\2.9\tex\latex\beamer\base\themes\co
lor\beamercolorthemewhale.sty
Package: beamercolorthemewhale 2010/06/17  (rcs-revision d02a7cf4d8ae)
)
(C:\Users\Haim_Cohen\AppData\Roaming\MiKTeX\2.9\tex\latex\beamer\base\themes\ou
ter\beamerouterthemesplit.sty
Package: beamerouterthemesplit 2012/10/16  (rcs-revision 51a8c72084af)
)
(C:\Users\Haim_Cohen\AppData\Roaming\MiKTeX\2.9\tex\latex\beamer\base\themes\fo
nt\beamerfontthemestructurebold.sty
Package: beamerfontthemestructurebold 2010/06/17  (rcs-revision d02a7cf4d8ae)
))
(C:\Users\Haim_Cohen\Dropbox\HaimKoby\Thesis_haim\Seminar\beamerthemeshadow.sty
Package: beamerthemeshadow 2007/01/28  (rcs-revision 1.12)

(C:\Users\Haim_Cohen\AppData\Roaming\MiKTeX\2.9\tex\latex\beamer\base\themes\in
ner\beamerinnerthemerounded.sty
Package: beamerinnerthemerounded 2010/06/17  (rcs-revision d02a7cf4d8ae)
)
(C:\Users\Haim_Cohen\AppData\Roaming\MiKTeX\2.9\tex\latex\beamer\base\themes\co
lor\beamercolorthemeorchid.sty
Package: beamercolorthemeorchid 2010/06/17  (rcs-revision d02a7cf4d8ae)
)
(C:\Users\Haim_Cohen\AppData\Roaming\MiKTeX\2.9\tex\latex\beamer\base\themes\ou
ter\beamerouterthemeshadow.sty
Package: beamerouterthemeshadow 2010/06/17  (rcs-revision d02a7cf4d8ae)
))
("C:\Program Files (x86)\MiKTeX 2.9\tex\latex\base\inputenc.sty"
Package: inputenc 2008/03/30 v1.1d Input encoding file
\inpenc@prehook=\toks40
\inpenc@posthook=\toks41

("C:\Program Files (x86)\MiKTeX 2.9\tex\latex\base\latin1.def"
File: latin1.def 2008/03/30 v1.1d Input encoding file
))
(C:\Users\Haim_Cohen\AppData\Roaming\MiKTeX\2.9\tex\latex\beamer\base\themes\fo
nt\beamerfontthemeprofessionalfonts.sty
Package: beamerfontthemeprofessionalfonts 2010/06/17  (rcs-revision d02a7cf4d8a
e)
)
("C:\Program Files (x86)\MiKTeX 2.9\tex\latex\psnfss\times.sty"
Package: times 2005/04/12 PSNFSS-v9.2a (SPQR) 
)
("C:\Program Files (x86)\MiKTeX 2.9\tex\latex\oberdiek\epstopdf.sty"
Package: epstopdf 2010/02/09 v2.5 Conversion with epstopdf on the fly (HO)

("C:\Program Files (x86)\MiKTeX 2.9\tex\latex\oberdiek\epstopdf-base.sty"
Package: epstopdf-base 2010/02/09 v2.5 Base part for package epstopdf

("C:\Program Files (x86)\MiKTeX 2.9\tex\latex\oberdiek\grfext.sty"
Package: grfext 2010/08/19 v1.1 Managing graphics extensions (HO)
)
Package grfext Info: Graphics extension search list:
(grfext)             [.png,.pdf,.jpg,.mps,.jpeg,.jbig2,.jb2,.PNG,.PDF,.JPG,.JPE
G,.JBIG2,.JB2,.eps]
(grfext)             \AppendGraphicsExtensions on input line 452.
))
(C:\Users\Haim_Cohen\AppData\Roaming\MiKTeX\2.9\tex\latex\subfigure\subfigure.s
ty
Package: subfigure 2002/07/30 v2.1.4 subfigure package
\subfigtopskip=\skip55
\subfigcapskip=\skip56
\subfigcaptopadj=\dimen185
\subfigbottomskip=\skip57
\subfigcapmargin=\dimen186
\subfiglabelskip=\skip58
\c@subfigure=\count153
\c@lofdepth=\count154
\c@subtable=\count155
\c@lotdepth=\count156

****************************************
* Local config file subfigure.cfg used *
****************************************

(C:\Users\Haim_Cohen\AppData\Roaming\MiKTeX\2.9\tex\latex\subfigure\subfigure.c
fg)
\subfig@top=\skip59
\subfig@bottom=\skip60
) ("C:\Program Files (x86)\MiKTeX 2.9\tex\latex\graphics\epsfig.sty"
Package: epsfig 1999/02/16 v1.7a (e)psfig emulation (SPQR)
\epsfxsize=\dimen187
\epsfysize=\dimen188
)
(C:\Users\Haim_Cohen\AppData\Roaming\MiKTeX\2.9\tex\latex\tabulary\tabulary.sty
Package: tabulary 2008/12/01 v0.9 tabulary package (DPC)
("C:\Program Files (x86)\MiKTeX 2.9\tex\latex\tools\array.sty"
Package: array 2008/09/09 v2.4c Tabular extension package (FMi)
\col@sep=\dimen189
\extrarowheight=\dimen190
\NC@list=\toks42
\extratabsurround=\skip61
\backup@length=\skip62
)
\TY@count=\count157
\TY@linewidth=\dimen191
\tymin=\dimen192
\tymax=\dimen193
\TY@tablewidth=\dimen194
)
(C:\Users\Haim_Cohen\AppData\Roaming\MiKTeX\2.9\tex\latex\wrapfig\wrapfig.sty
\wrapoverhang=\dimen195
\WF@size=\dimen196
\c@WF@wrappedlines=\count158
\WF@box=\box53
\WF@everypar=\toks43
Package: wrapfig 2003/01/31  v 3.6
)
(C:\Users\Haim_Cohen\AppData\Roaming\MiKTeX\2.9\tex\latex\cite\cite.sty
LaTeX Info: Redefining \cite on input line 302.
LaTeX Info: Redefining \nocite on input line 373.
Package: cite 2010/09/10  v 5.3
)
(C:\Users\Haim_Cohen\Dropbox\HaimKoby\Thesis_haim\Seminar\prela.tex
\c@Remark=\count159
\c@mySubCounter=\count160
)
(C:\Users\Haim_Cohen\AppData\Roaming\MiKTeX\2.9\tex\latex\beamer\base\themes\th
eme\beamerthemeFrankfurt.sty
Package: beamerthemeFrankfurt 2010/06/17  (rcs-revision d02a7cf4d8ae)

(C:\Users\Haim_Cohen\AppData\Roaming\MiKTeX\2.9\tex\latex\beamer\base\themes\ou
ter\beamerouterthemesmoothbars.sty
Package: beamerouterthemesmoothbars 2010/06/17  (rcs-revision d02a7cf4d8ae)
))
(C:\Users\Haim_Cohen\AppData\Roaming\MiKTeX\2.9\tex\latex\beamer\base\themes\ou
ter\beamerouterthemeinfolines.sty
Package: beamerouterthemeinfolines 2012/10/16  (rcs-revision 51a8c72084af)
)

Package hyperref Warning: Token not allowed in a PDF string (PDFDocEncoding):
(hyperref)                removing `\newline' on input line 40.


Package hyperref Warning: Token not allowed in a PDF string (PDFDocEncoding):
(hyperref)                removing `\newline' on input line 40.


Package hyperref Warning: Token not allowed in a PDF string (PDFDocEncoding):
(hyperref)                removing `\newline' on input line 40.


Package hyperref Warning: Token not allowed in a PDF string (PDFDocEncoding):
(hyperref)                removing `\newline' on input line 40.

(C:\Users\Haim_Cohen\AppData\Roaming\MiKTeX\2.9\tex\latex\ulem\ulem.sty
\UL@box=\box54
\UL@hyphenbox=\box55
\UL@skip=\skip63
\UL@hook=\toks44
\UL@height=\dimen197
\UL@pe=\count161
\UL@pixel=\dimen198
\ULC@box=\box56
Package: ulem 2012/05/18
\ULdepth=\dimen199
)
(C:\Users\Haim_Cohen\Dropbox\HaimKoby\Thesis_haim\Seminar\Seminar_haim.aux)
LaTeX Font Info:    Checking defaults for OML/cmm/m/it on input line 49.
LaTeX Font Info:    ... okay on input line 49.
LaTeX Font Info:    Checking defaults for T1/cmr/m/n on input line 49.
LaTeX Font Info:    ... okay on input line 49.
LaTeX Font Info:    Checking defaults for OT1/cmr/m/n on input line 49.
LaTeX Font Info:    ... okay on input line 49.
LaTeX Font Info:    Checking defaults for OMS/cmsy/m/n on input line 49.
LaTeX Font Info:    ... okay on input line 49.
LaTeX Font Info:    Checking defaults for OMX/cmex/m/n on input line 49.
LaTeX Font Info:    ... okay on input line 49.
LaTeX Font Info:    Checking defaults for U/cmr/m/n on input line 49.
LaTeX Font Info:    ... okay on input line 49.
LaTeX Font Info:    Checking defaults for PD1/pdf/m/n on input line 49.
LaTeX Font Info:    ... okay on input line 49.
LaTeX Font Info:    Try loading font information for OT1+phv on input line 49.

("C:\Program Files (x86)\MiKTeX 2.9\tex\latex\psnfss\ot1phv.fd"
File: ot1phv.fd 2001/06/04 scalable font definitions for OT1/phv.
)
(C:\Users\Haim_Cohen\AppData\Roaming\MiKTeX\2.9\tex\context\base\supp-pdf.mkii
[Loading MPS to PDF converter (version 2006.09.02).]
\scratchcounter=\count162
\scratchdimen=\dimen200
\scratchbox=\box57
\nofMPsegments=\count163
\nofMParguments=\count164
\everyMPshowfont=\toks45
\MPscratchCnt=\count165
\MPscratchDim=\dimen201
\MPnumerator=\count166
\makeMPintoPDFobject=\count167
\everyMPtoPDFconversion=\toks46
) ABD: EveryShipout initializing macros
*geometry* driver: auto-detecting
*geometry* detected driver: pdftex
*geometry* verbose mode - [ preamble ] result:
* driver: pdftex
* paper: custom
* layout: <same size as paper>
* layoutoffset:(h,v)=(0.0pt,0.0pt)
* modes: includehead includefoot 
* h-part:(L,W,R)=(10.95003pt, 342.2953pt, 10.95003pt)
* v-part:(T,H,B)=(0.0pt, 273.14662pt, 0.0pt)
* \paperwidth=364.19536pt
* \paperheight=273.14662pt
* \textwidth=342.2953pt
* \textheight=244.6939pt
* \oddsidemargin=-61.31996pt
* \evensidemargin=-61.31996pt
* \topmargin=-72.26999pt
* \headheight=14.22636pt
* \headsep=0.0pt
* \topskip=11.0pt
* \footskip=14.22636pt
* \marginparwidth=4.0pt
* \marginparsep=10.0pt
* \columnsep=10.0pt
* \skip\footins=10.0pt plus 4.0pt minus 2.0pt
* \hoffset=0.0pt
* \voffset=0.0pt
* \mag=1000
* \@twocolumnfalse
* \@twosidefalse
* \@mparswitchfalse
* \@reversemarginfalse
* (1in=72.27pt=25.4mm, 1cm=28.453pt)

\AtBeginShipoutBox=\box58
Package hyperref Info: Link coloring OFF on input line 49.
("C:\Program Files (x86)\MiKTeX 2.9\tex\latex\hyperref\nameref.sty"
Package: nameref 2010/04/30 v2.40 Cross-referencing by name of section

("C:\Program Files (x86)\MiKTeX 2.9\tex\generic\oberdiek\gettitlestring.sty"
Package: gettitlestring 2010/12/03 v1.4 Cleanup title references (HO)
)
\c@section@level=\count168
)
LaTeX Info: Redefining \ref on input line 49.
LaTeX Info: Redefining \pageref on input line 49.
LaTeX Info: Redefining \nameref on input line 49.

(C:\Users\Haim_Cohen\Dropbox\HaimKoby\Thesis_haim\Seminar\Seminar_haim.out)
(C:\Users\Haim_Cohen\Dropbox\HaimKoby\Thesis_haim\Seminar\Seminar_haim.out)
\@outlinefile=\write5
LaTeX Info: Redefining \includegraphics on input line 49.
LaTeX Font Info:    Font shape `OT1/phv/bx/n' in size <6> not available
(Font)              Font shape `OT1/phv/b/n' tried instead on input line 49.

(C:\Users\Haim_Cohen\Dropbox\HaimKoby\Thesis_haim\Seminar\Seminar_haim.nav)
LaTeX Font Info:    Font shape `OT1/phv/bx/n' in size <4> not available
(Font)              Font shape `OT1/phv/b/n' tried instead on input line 51.

[1

{C:/Users/Haim_Cohen/AppData/Local/MiKTeX/2.9/pdftex/config/pdftex.map}]
(C:\Users\Haim_Cohen\Dropbox\HaimKoby\Thesis_haim\Seminar\Seminar_haim.toc
LaTeX Font Info:    Font shape `OT1/phv/bx/n' in size <8> not available
(Font)              Font shape `OT1/phv/b/n' tried instead on input line 3.
)
[2

] (C:\Users\Haim_Cohen\Dropbox\HaimKoby\Thesis_haim\Seminar\Seminar_haim.toc) [
3

] (C:\Users\Haim_Cohen\Dropbox\HaimKoby\Thesis_haim\Seminar\Seminar_haim.toc) [
4

]
(C:\Users\Haim_Cohen\Dropbox\HaimKoby\Thesis_haim\Seminar\Seminar_haim.toc)
[5

] (C:\Users\Haim_Cohen\Dropbox\HaimKoby\Thesis_haim\Seminar\Seminar_haim.toc) [
6

] (C:\Users\Haim_Cohen\Dropbox\HaimKoby\Thesis_haim\Seminar\Seminar_haim.toc) [
7

] [8

]
LaTeX Font Info:    Try loading font information for U+msa on input line 86.
 ("C:\Program Files (x86)\MiKTeX 2.9\tex\latex\amsfonts\umsa.fd"
File: umsa.fd 2009/06/22 v3.00 AMS symbols A
)
LaTeX Font Info:    Try loading font information for U+msb on input line 86.

("C:\Program Files (x86)\MiKTeX 2.9\tex\latex\amsfonts\umsb.fd"
File: umsb.fd 2009/06/22 v3.00 AMS symbols B
) [9

] [10

]
Package epstopdf Info: Source file: <figs/SHAMPO_illustration.eps>
(epstopdf)                    date: 2013-10-31 16:24:43
(epstopdf)                    size: 176704 bytes
(epstopdf)             Output file: <figs/SHAMPO_illustration-eps-converted-to.
pdf>
(epstopdf)                    date: 2014-04-01 20:49:24
(epstopdf)                    size: 36991 bytes
(epstopdf)             Command: <epstopdf --outfile=figs/SHAMPO_illustration-ep
s-converted-to.pdf figs/SHAMPO_illustration.eps>
(epstopdf)             \includegraphics on input line 105.
Package epstopdf Info: Output file is already uptodate.

<figs/SHAMPO_illustration-eps-converted-to.pdf, id=442, 766.865pt x 634.37pt>
File: figs/SHAMPO_illustration-eps-converted-to.pdf Graphic file (type pdf)

<use figs/SHAMPO_illustration-eps-converted-to.pdf>
Package pdftex.def Info: figs/SHAMPO_illustration-eps-converted-to.pdf used on 
input line 105.
(pdftex.def)             Requested size: 239.60567pt x 198.20142pt.
 [11

 <C:/Users/Haim_Cohen/Dropbox/HaimKoby/Thesis_haim/Seminar/figs/SHAMPO_illustra
tion-eps-converted-to.pdf>] [12

]
LaTeX Font Info:    Font shape `OT1/phv/bx/n' in size <10.95> not available
(Font)              Font shape `OT1/phv/b/n' tried instead on input line 140.
 [13

]
Package epstopdf Info: Source file: <figs/Table_ss.eps>
(epstopdf)                    date: 2014-04-05 22:05:13
(epstopdf)                    size: 339099 bytes
(epstopdf)             Output file: <figs/Table_ss-eps-converted-to.pdf>
(epstopdf)                    date: 2014-04-05 22:20:18
(epstopdf)                    size: 9066 bytes
(epstopdf)             Command: <epstopdf --outfile=figs/Table_ss-eps-converted
-to.pdf figs/Table_ss.eps>
(epstopdf)             \includegraphics on input line 152.
Package epstopdf Info: Output file is already uptodate.

<figs/Table_ss-eps-converted-to.pdf, id=540, 286.06876pt x 79.29625pt>
File: figs/Table_ss-eps-converted-to.pdf Graphic file (type pdf)

<use figs/Table_ss-eps-converted-to.pdf>
Package pdftex.def Info: figs/Table_ss-eps-converted-to.pdf used on input line 
152.
(pdftex.def)             Requested size: 205.37926pt x 56.92989pt.
Package epstopdf Info: Source file: <figs/Table_shampo.eps>
(epstopdf)                    date: 2014-04-05 22:04:41
(epstopdf)                    size: 332901 bytes
(epstopdf)             Output file: <figs/Table_shampo-eps-converted-to.pdf>
(epstopdf)                    date: 2014-04-05 22:20:19
(epstopdf)                    size: 9064 bytes
(epstopdf)             Command: <epstopdf --outfile=figs/Table_shampo-eps-conve
rted-to.pdf figs/Table_shampo.eps>
(epstopdf)             \includegraphics on input line 152.
Package epstopdf Info: Output file is already uptodate.

<figs/Table_shampo-eps-converted-to.pdf, id=541, 286.06876pt x 78.2925pt>
File: figs/Table_shampo-eps-converted-to.pdf Graphic file (type pdf)

<use figs/Table_shampo-eps-converted-to.pdf>
Package pdftex.def Info: figs/Table_shampo-eps-converted-to.pdf used on input l
ine 152.
(pdftex.def)             Requested size: 205.37926pt x 56.20926pt.
 [14

 <C:/Users/Haim_Cohen/Dropbox/HaimKoby/Thesis_haim/Seminar/figs/Table_ss-eps-co
nverted-to.pdf> <C:/Users/Haim_Cohen/Dropbox/HaimKoby/Thesis_haim/Seminar/figs/
Table_shampo-eps-converted-to.pdf>] [15

] [16

] [17

] [18

]
Package epstopdf Info: Source file: <figs/margin.eps>
(epstopdf)                    date: 2014-04-05 16:17:15
(epstopdf)                    size: 9441 bytes
(epstopdf)             Output file: <figs/margin-eps-converted-to.pdf>
(epstopdf)                    date: 2014-04-05 19:10:39
(epstopdf)                    size: 3909 bytes
(epstopdf)             Command: <epstopdf --outfile=figs/margin-eps-converted-t
o.pdf figs/margin.eps>
(epstopdf)             \includegraphics on input line 215.
Package epstopdf Info: Output file is already uptodate.

<figs/margin-eps-converted-to.pdf, id=694, 250.9375pt x 203.76125pt>
File: figs/margin-eps-converted-to.pdf Graphic file (type pdf)

<use figs/margin-eps-converted-to.pdf>
Package pdftex.def Info: figs/margin-eps-converted-to.pdf used on input line 21
5.
(pdftex.def)             Requested size: 171.14764pt x 138.97865pt.

Overfull \vbox (5.27194pt too high) detected at line 215
 []

[19

 <C:/Users/Haim_Cohen/Dropbox/HaimKoby/Thesis_haim/Seminar/figs/margin-eps-conv
erted-to.pdf>]
LaTeX Font Info:    Try loading font information for OT1+ptm on input line 233.

 ("C:\Program Files (x86)\MiKTeX 2.9\tex\latex\psnfss\ot1ptm.fd"
File: ot1ptm.fd 2001/06/04 font definitions for OT1/ptm.
) [20

]
Package epstopdf Info: Source file: <figs/probability.eps>
(epstopdf)                    date: 2014-04-06 00:45:17
(epstopdf)                    size: 14688 bytes
(epstopdf)             Output file: <figs/probability-eps-converted-to.pdf>
(epstopdf)                    date: 2014-04-06 09:13:51
(epstopdf)                    size: 5958 bytes
(epstopdf)             Command: <epstopdf --outfile=figs/probability-eps-conver
ted-to.pdf figs/probability.eps>
(epstopdf)             \includegraphics on input line 244.
Package epstopdf Info: Output file is already uptodate.

<figs/probability-eps-converted-to.pdf, id=759, 392.46625pt x 225.84375pt>
File: figs/probability-eps-converted-to.pdf Graphic file (type pdf)

<use figs/probability-eps-converted-to.pdf>
Package pdftex.def Info: figs/probability-eps-converted-to.pdf used on input li
ne 244.
(pdftex.def)             Requested size: 205.37926pt x 118.18721pt.
 [21

 <C:/Users/Haim_Cohen/Dropbox/HaimKoby/Thesis_haim/Seminar/figs/probability-eps
-converted-to.pdf>] [22

]
[23

] [24

] [25

]
LaTeX Font Info:    Font shape `OT1/phv/m/it' in size <10.95> not available
(Font)              Font shape `OT1/phv/m/sl' tried instead on input line 330.
 [26

] [27

]
Package epstopdf Info: Source file: <figs/confidence.eps>
(epstopdf)                    date: 2014-04-05 18:51:56
(epstopdf)                    size: 9203 bytes
(epstopdf)             Output file: <figs/confidence-eps-converted-to.pdf>
(epstopdf)                    date: 2014-04-05 19:10:46
(epstopdf)                    size: 4104 bytes
(epstopdf)             Command: <epstopdf --outfile=figs/confidence-eps-convert
ed-to.pdf figs/confidence.eps>
(epstopdf)             \includegraphics on input line 449.
Package epstopdf Info: Output file is already uptodate.

<figs/confidence-eps-converted-to.pdf, id=963, 304.13625pt x 228.855pt>
File: figs/confidence-eps-converted-to.pdf Graphic file (type pdf)

<use figs/confidence-eps-converted-to.pdf>
Package pdftex.def Info: figs/confidence-eps-converted-to.pdf used on input lin
e 449.
(pdftex.def)             Requested size: 239.60567pt x 180.30107pt.
 [28

 <C:/Users/Haim_Cohen/Dropbox/HaimKoby/Thesis_haim/Seminar/figs/confidence-eps-
converted-to.pdf>]
Package epstopdf Info: Source file: <figs/confidence2.eps>
(epstopdf)                    date: 2014-04-05 18:51:36
(epstopdf)                    size: 9269 bytes
(epstopdf)             Output file: <figs/confidence2-eps-converted-to.pdf>
(epstopdf)                    date: 2014-04-05 19:10:47
(epstopdf)                    size: 4129 bytes
(epstopdf)             Command: <epstopdf --outfile=figs/confidence2-eps-conver
ted-to.pdf figs/confidence2.eps>
(epstopdf)             \includegraphics on input line 456.
Package epstopdf Info: Output file is already uptodate.

<figs/confidence2-eps-converted-to.pdf, id=998, 304.13625pt x 228.855pt>
File: figs/confidence2-eps-converted-to.pdf Graphic file (type pdf)

<use figs/confidence2-eps-converted-to.pdf>
Package pdftex.def Info: figs/confidence2-eps-converted-to.pdf used on input li
ne 456.
(pdftex.def)             Requested size: 239.60567pt x 180.30107pt.
 [29

 <C:/Users/Haim_Cohen/Dropbox/HaimKoby/Thesis_haim/Seminar/figs/confidence2-eps
-converted-to.pdf>] [30

]
[31

]
Package epstopdf Info: Source file: <figs/Confidence_matrix.eps>
(epstopdf)                    date: 2014-04-05 16:05:33
(epstopdf)                    size: 10210 bytes
(epstopdf)             Output file: <figs/Confidence_matrix-eps-converted-to.pd
f>
(epstopdf)                    date: 2014-04-05 19:10:49
(epstopdf)                    size: 6638 bytes
(epstopdf)             Command: <epstopdf --outfile=figs/Confidence_matrix-eps-
converted-to.pdf figs/Confidence_matrix.eps>
(epstopdf)             \includegraphics on input line 490.
Package epstopdf Info: Output file is already uptodate.

<figs/Confidence_matrix-eps-converted-to.pdf, id=1088, 418.56375pt x 314.17375p
t>
File: figs/Confidence_matrix-eps-converted-to.pdf Graphic file (type pdf)
 <use figs/Confidence_matrix-eps-converted-to.pdf>
Package pdftex.def Info: figs/Confidence_matrix-eps-converted-to.pdf used on in
put line 490.
(pdftex.def)             Requested size: 205.37926pt x 154.15741pt.
 [32

 <C:/Users/Haim_Cohen/Dropbox/HaimKoby/Thesis_haim/Seminar/figs/Confidence_matr
ix-eps-converted-to.pdf>] [33

]
Overfull \vbox (15.77678pt too high) detected at line 526
 []

[34

]
Overfull \vbox (5.26239pt too high) detected at line 546
 []

[35

] [36

] [37

] [38

]

Package amsmath Warning: Foreign command \atopwithdelims;
(amsmath)                \frac or \genfrac should be used instead
(amsmath)                 on input line 610.

[39

] [40

] [41

] [42

]
Package epstopdf Info: Source file: <figs/usps3.eps>
(epstopdf)                    date: 2013-05-31 09:55:11
(epstopdf)                    size: 16687 bytes
(epstopdf)             Output file: <figs/usps3-eps-converted-to.pdf>
(epstopdf)                    date: 2014-04-02 15:13:45
(epstopdf)                    size: 3687 bytes
(epstopdf)             Command: <epstopdf --outfile=figs/usps3-eps-converted-to
.pdf figs/usps3.eps>
(epstopdf)             \includegraphics on input line 702.
Package epstopdf Info: Output file is already uptodate.

<figs/usps3-eps-converted-to.pdf, id=1391, 512.91624pt x 403.5075pt>
File: figs/usps3-eps-converted-to.pdf Graphic file (type pdf)

<use figs/usps3-eps-converted-to.pdf>
Package pdftex.def Info: figs/usps3-eps-converted-to.pdf used on input line 702
.
(pdftex.def)             Requested size: 154.03183pt x 121.17632pt.
Package epstopdf Info: Source file: <figs/usps1a.eps>
(epstopdf)                    date: 2013-05-31 02:34:05
(epstopdf)                    size: 16117 bytes
(epstopdf)             Output file: <figs/usps1a-eps-converted-to.pdf>
(epstopdf)                    date: 2014-04-02 15:13:49
(epstopdf)                    size: 4186 bytes
(epstopdf)             Command: <epstopdf --outfile=figs/usps1a-eps-converted-t
o.pdf figs/usps1a.eps>
(epstopdf)             \includegraphics on input line 702.
Package epstopdf Info: Output file is already uptodate.

<figs/usps1a-eps-converted-to.pdf, id=1392, 501.875pt x 410.53375pt>
File: figs/usps1a-eps-converted-to.pdf Graphic file (type pdf)

<use figs/usps1a-eps-converted-to.pdf>
Package pdftex.def Info: figs/usps1a-eps-converted-to.pdf used on input line 70
2.
(pdftex.def)             Requested size: 154.03183pt x 125.99876pt.
 [43

 <C:/Users/Haim_Cohen/Dropbox/HaimKoby/Thesis_haim/Seminar/figs/usps3-eps-conve
rted-to.pdf> <C:/Users/Haim_Cohen/Dropbox/HaimKoby/Thesis_haim/Seminar/figs/usp
s1a-eps-converted-to.pdf>]
Package epstopdf Info: Source file: <figs/mnist2b.eps>
(epstopdf)                    date: 2013-05-31 10:45:51
(epstopdf)                    size: 18853 bytes
(epstopdf)             Output file: <figs/mnist2b-eps-converted-to.pdf>
(epstopdf)                    date: 2014-04-02 17:40:06
(epstopdf)                    size: 8405 bytes
(epstopdf)             Command: <epstopdf --outfile=figs/mnist2b-eps-converted-
to.pdf figs/mnist2b.eps>
(epstopdf)             \includegraphics on input line 728.
Package epstopdf Info: Output file is already uptodate.

<figs/mnist2b-eps-converted-to.pdf, id=1430, 511.9125pt x 406.51875pt>
File: figs/mnist2b-eps-converted-to.pdf Graphic file (type pdf)

<use figs/mnist2b-eps-converted-to.pdf>
Package pdftex.def Info: figs/mnist2b-eps-converted-to.pdf used on input line 7
28.
(pdftex.def)             Requested size: 205.37926pt x 163.09465pt.
 [44

 <C:/Users/Haim_Cohen/Dropbox/HaimKoby/Thesis_haim/Seminar/figs/mnist2b-eps-con
verted-to.pdf>]
Package epstopdf Info: Source file: <figs/NLP_SO_3_2_mean_error_tasks.eps>
(epstopdf)                    date: 2014-04-03 02:29:04
(epstopdf)                    size: 16002 bytes
(epstopdf)             Output file: <figs/NLP_SO_3_2_mean_error_tasks-eps-conve
rted-to.pdf>
(epstopdf)                    date: 2014-04-03 12:10:25
(epstopdf)                    size: 4371 bytes
(epstopdf)             Command: <epstopdf --outfile=figs/NLP_SO_3_2_mean_error_
tasks-eps-converted-to.pdf figs/NLP_SO_3_2_mean_error_tasks.eps>
(epstopdf)             \includegraphics on input line 740.
Package epstopdf Info: Output file is already uptodate.

<figs/NLP_SO_3_2_mean_error_tasks-eps-converted-to.pdf, id=1462, 418.56375pt x 
311.1625pt>
File: figs/NLP_SO_3_2_mean_error_tasks-eps-converted-to.pdf Graphic file (type 
pdf)
 <use figs/NLP_SO_3_2_mean_error_tasks-eps-converted-to.pdf>
Package pdftex.def Info: figs/NLP_SO_3_2_mean_error_tasks-eps-converted-to.pdf 
used on input line 740.
(pdftex.def)             Requested size: 205.37926pt x 152.67987pt.

[45

 <C:/Users/Haim_Cohen/Dropbox/HaimKoby/Thesis_haim/Seminar/figs/NLP_SO_3_2_mean
_error_tasks-eps-converted-to.pdf>]
Package epstopdf Info: Source file: <figs/NLP_SO_3_2_mean_error_alg1.eps>
(epstopdf)                    date: 2014-04-06 10:22:45
(epstopdf)                    size: 15866 bytes
(epstopdf)             Output file: <figs/NLP_SO_3_2_mean_error_alg1-eps-conver
ted-to.pdf>
(epstopdf)                    date: 2014-04-06 11:09:04
(epstopdf)                    size: 4353 bytes
(epstopdf)             Command: <epstopdf --outfile=figs/NLP_SO_3_2_mean_error_
alg1-eps-converted-to.pdf figs/NLP_SO_3_2_mean_error_alg1.eps>
(epstopdf)             \includegraphics on input line 755.
Package epstopdf Info: Output file is already uptodate.

<figs/NLP_SO_3_2_mean_error_alg1-eps-converted-to.pdf, id=1495, 680.5425pt x 31
2.16624pt>
File: figs/NLP_SO_3_2_mean_error_alg1-eps-converted-to.pdf Graphic file (type p
df)
 <use figs/NLP_SO_3_2_mean_error_alg1-eps-converted-to.pdf>
Package pdftex.def Info: figs/NLP_SO_3_2_mean_error_alg1-eps-converted-to.pdf u
sed on input line 755.
(pdftex.def)             Requested size: 342.2953pt x 157.01157pt.
 [46

 <C:/Users/Haim_Cohen/Dropbox/HaimKoby/Thesis_haim/Seminar/figs/NLP_SO_3_2_mean
_error_alg1-eps-converted-to.pdf>]
Package epstopdf Info: Source file: <figs/Mean_test_error_adaptive_b_V2_3D.eps>

(epstopdf)                    date: 2014-04-06 00:15:31
(epstopdf)                    size: 24769 bytes
(epstopdf)             Output file: <figs/Mean_test_error_adaptive_b_V2_3D-eps-
converted-to.pdf>
(epstopdf)                    date: 2014-04-06 09:13:54
(epstopdf)                    size: 6290 bytes
(epstopdf)             Command: <epstopdf --outfile=figs/Mean_test_error_adapti
ve_b_V2_3D-eps-converted-to.pdf figs/Mean_test_error_adaptive_b_V2_3D.eps>
(epstopdf)             \includegraphics on input line 779.
Package epstopdf Info: Output file is already uptodate.

<figs/Mean_test_error_adaptive_b_V2_3D-eps-converted-to.pdf, id=1527, 348.30125
pt x 257.96375pt>
File: figs/Mean_test_error_adaptive_b_V2_3D-eps-converted-to.pdf Graphic file (
type pdf)

<use figs/Mean_test_error_adaptive_b_V2_3D-eps-converted-to.pdf>
Package pdftex.def Info: figs/Mean_test_error_adaptive_b_V2_3D-eps-converted-to
.pdf used on input line 779.
(pdftex.def)             Requested size: 171.14764pt x 126.75758pt.
Package epstopdf Info: Source file: <figs/Mean_test_error_adaptive_b_V2_2D.eps>

(epstopdf)                    date: 2014-04-06 00:10:17
(epstopdf)                    size: 24946 bytes
(epstopdf)             Output file: <figs/Mean_test_error_adaptive_b_V2_2D-eps-
converted-to.pdf>
(epstopdf)                    date: 2014-04-06 09:14:00
(epstopdf)                    size: 6801 bytes
(epstopdf)             Command: <epstopdf --outfile=figs/Mean_test_error_adapti
ve_b_V2_2D-eps-converted-to.pdf figs/Mean_test_error_adaptive_b_V2_2D.eps>
(epstopdf)             \includegraphics on input line 779.
Package epstopdf Info: Output file is already uptodate.

<figs/Mean_test_error_adaptive_b_V2_2D-eps-converted-to.pdf, id=1528, 362.35374
pt x 236.885pt>
File: figs/Mean_test_error_adaptive_b_V2_2D-eps-converted-to.pdf Graphic file (
type pdf)

<use figs/Mean_test_error_adaptive_b_V2_2D-eps-converted-to.pdf>
Package pdftex.def Info: figs/Mean_test_error_adaptive_b_V2_2D-eps-converted-to
.pdf used on input line 779.
(pdftex.def)             Requested size: 171.14764pt x 111.88538pt.

Overfull \vbox (4.55284pt too high) detected at line 779
 []

[47

 <C:/Users/Haim_Cohen/Dropbox/HaimKoby/Thesis_haim/Seminar/figs/Mean_test_error
_adaptive_b_V2_3D-eps-converted-to.pdf> <C:/Users/Haim_Cohen/Dropbox/HaimKoby/T
hesis_haim/Seminar/figs/Mean_test_error_adaptive_b_V2_2D-eps-converted-to.pdf>]
 [48

] [49

] [50

]
\tf@nav=\write6
\tf@toc=\write7
\tf@snm=\write8
Package atveryend Info: Empty hook `BeforeClearDocument' on input line 808.
Package atveryend Info: Empty hook `AfterLastShipout' on input line 808.

(C:\Users\Haim_Cohen\Dropbox\HaimKoby\Thesis_haim\Seminar\Seminar_haim.aux)
Package atveryend Info: Empty hook `AtVeryEndDocument' on input line 808.
Package atveryend Info: Executing hook `AtEndAfterFileList' on input line 808.
Package rerunfilecheck Info: File `Seminar_haim.out' has not changed.
(rerunfilecheck)             Checksum: 96A9C88188D74A31BC802CE7C434D65B;713.
Package atveryend Info: Empty hook `AtVeryVeryEnd' on input line 808.
 ) 
Here is how much of TeX's memory you used:
 16933 strings out of 494049
 314136 string characters out of 3146049
 397160 words of memory out of 3000000
 19633 multiletter control sequences out of 15000+200000
 37639 words of font info for 88 fonts, out of 3000000 for 9000
 715 hyphenation exceptions out of 8191
 49i,24n,62p,505b,663s stack positions out of 5000i,500n,10000p,200000b,50000s
{C:/Program Files (x86)/MiKTeX 2.9/fonts/enc/dvips/fontname/8r.enc}<C:/Progra
m Files (x86)/MiKTeX 2.9/fonts/type1/public/amsfonts/cm/cmbx10.pfb><C:/Program 
Files (x86)/MiKTeX 2.9/fonts/type1/public/amsfonts/cm/cmex10.pfb><C:/Program Fi
les (x86)/MiKTeX 2.9/fonts/type1/public/amsfonts/cm/cmmi10.pfb><C:/Program File
s (x86)/MiKTeX 2.9/fonts/type1/public/amsfonts/cm/cmmi12.pfb><C:/Program Files 
(x86)/MiKTeX 2.9/fonts/type1/public/amsfonts/cm/cmmi6.pfb><C:/Program Files (x8
6)/MiKTeX 2.9/fonts/type1/public/amsfonts/cm/cmmi7.pfb><C:/Program Files (x86)/
MiKTeX 2.9/fonts/type1/public/amsfonts/cm/cmmi8.pfb><C:/Program Files (x86)/MiK
TeX 2.9/fonts/type1/public/amsfonts/cm/cmmib10.pfb><C:/Program Files (x86)/MiKT
eX 2.9/fonts/type1/public/amsfonts/cm/cmr10.pfb><C:/Program Files (x86)/MiKTeX 
2.9/fonts/type1/public/amsfonts/cm/cmr6.pfb><C:/Program Files (x86)/MiKTeX 2.9/
fonts/type1/public/amsfonts/cm/cmr7.pfb><C:/Program Files (x86)/MiKTeX 2.9/font
s/type1/public/amsfonts/cm/cmr8.pfb><C:/Program Files (x86)/MiKTeX 2.9/fonts/ty
pe1/public/amsfonts/cm/cmsy10.pfb><C:/Program Files (x86)/MiKTeX 2.9/fonts/type
1/public/amsfonts/cm/cmsy6.pfb><C:/Program Files (x86)/MiKTeX 2.9/fonts/type1/p
ublic/amsfonts/cm/cmsy8.pfb><C:/Program Files (x86)/MiKTeX 2.9/fonts/type1/publ
ic/amsfonts/symbols/msbm10.pfb><C:/Program Files (x86)/MiKTeX 2.9/fonts/type1/u
rw/helvetic/uhvb8a.pfb><C:/Program Files (x86)/MiKTeX 2.9/fonts/type1/urw/helve
tic/uhvr8a.pfb><C:/Program Files (x86)/MiKTeX 2.9/fonts/type1/urw/helvetic/uhvr
o8a.pfb><C:/Program Files (x86)/MiKTeX 2.9/fonts/type1/urw/times/utmr8a.pfb>
Output written on Seminar_haim.pdf (50 pages, 624520 bytes).
PDF statistics:
 1741 PDF objects out of 2073 (max. 8388607)
 113 named destinations out of 1000 (max. 500000)
 280 words of extra memory for PDF output out of 10000 (max. 10000000)

