This is pdfTeX, Version 3.14159265-2.6-1.40.15 (TeX Live 2014) (preloaded format=pdflatex 2014.5.25)  10 OCT 2015 18:47
entering extended mode
 restricted \write18 enabled.
 file:line:error style messages enabled.
 %&-line parsing enabled.
**thesis
(./thesis.tex
LaTeX2e <2014/05/01>
Babel <3.9k> and hyphenation patterns for 78 languages loaded.
(./iitcsthesis.cls
Document Class: iitcsthesis 2008/11/25 Technion cs thesis class
(/usr/local/texlive/2014/texmf-dist/tex/latex/base/report.cls
Document Class: report 2007/10/19 v1.4h Standard LaTeX document class
(/usr/local/texlive/2014/texmf-dist/tex/latex/base/size11.clo
File: size11.clo 2007/10/19 v1.4h Standard LaTeX file (size option)
)
\c@part=\count79
\c@chapter=\count80
\c@section=\count81
\c@subsection=\count82
\c@subsubsection=\count83
\c@paragraph=\count84
\c@subparagraph=\count85
\c@figure=\count86
\c@table=\count87
\abovecaptionskip=\skip41
\belowcaptionskip=\skip42
\bibindent=\dimen102
)
(/usr/local/texlive/2014/texmf-dist/tex/generic/babel/babel.sty
Package: babel 2014/03/24 3.9k The Babel package

(/usr/local/texlive/2014/texmf-dist/tex/generic/babel-hebrew/rlbabel.def
File: rlbabel.def 2005/03/30 v2.3h Right-to-Left support from the babel system 
Hebrew language support from the babel system
)
(/usr/local/texlive/2014/texmf-dist/tex/generic/babel-hebrew/hebrew.ldf
File: hebrew.ldf 2005/03/30 v2.3h Hebrew language definition from the babel sys
tem Hebrew language support from the babel system

(/usr/local/texlive/2014/texmf-dist/tex/generic/babel/babel.def
File: babel.def 2014/03/24 3.9k Babel common definitions
\babel@savecnt=\count88
\U@D=\dimen103
)

Package babel Warning: No hyphenation patterns were preloaded for
(babel)                the language `Hebrew' into the format.
(babel)                Please, configure your TeX system to add them and
(babel)                rebuild the format. Now I will use the patterns
(babel)                preloaded for english instead on input line 57.

\l@hebrew = a dialect from \language0
) (/usr/local/texlive/2014/texmf-dist/tex/generic/babel-english/english.ldf
Language: english 2012/08/20 v3.3p English support from the babel system
\l@canadian = a dialect from \language\l@american 
\l@australian = a dialect from \language\l@british 
\l@newzealand = a dialect from \language\l@british 
))
(/usr/local/texlive/2014/texmf-dist/tex/generic/babel-hebrew/lheenc.def
File: lheenc.def 2005/05/20 v1.2c 7-bit Hebrew font encoding (test version: sti
ll liable to change)
)
(/usr/local/texlive/2014/texmf-dist/tex/latex/base/inputenc.sty
Package: inputenc 2014/04/30 v1.2b Input encoding file
\inpenc@prehook=\toks14
\inpenc@posthook=\toks15

(/usr/local/texlive/2014/texmf-dist/tex/generic/babel-hebrew/8859-8.def
File: 8859-8.def 2004/02/20 v1.1b Hebrew input encoding file
))
(/usr/local/texlive/2014/texmf-dist/tex/latex/setspace/setspace.sty
Package: setspace 2011/12/19 v6.7a set line spacing
))
(/usr/local/texlive/2014/texmf-dist/tex/latex/psnfss/times.sty
Package: times 2005/04/12 PSNFSS-v9.2a (SPQR) 
)
(/usr/local/texlive/2014/texmf-dist/tex/latex/base/latexsym.sty
Package: latexsym 1998/08/17 v2.2e Standard LaTeX package (lasy symbols)
\symlasy=\mathgroup4
LaTeX Font Info:    Overwriting symbol font `lasy' in version `bold'
(Font)                  U/lasy/m/n --> U/lasy/b/n on input line 47.
)
(/usr/local/texlive/2014/texmf-dist/tex/latex/graphics/graphicx.sty
Package: graphicx 2014/04/25 v1.0g Enhanced LaTeX Graphics (DPC,SPQR)

(/usr/local/texlive/2014/texmf-dist/tex/latex/graphics/keyval.sty
Package: keyval 2014/05/08 v1.15 key=value parser (DPC)
\KV@toks@=\toks16
)
(/usr/local/texlive/2014/texmf-dist/tex/latex/graphics/graphics.sty
Package: graphics 2009/02/05 v1.0o Standard LaTeX Graphics (DPC,SPQR)

(/usr/local/texlive/2014/texmf-dist/tex/latex/graphics/trig.sty
Package: trig 1999/03/16 v1.09 sin cos tan (DPC)
)
(/usr/local/texlive/2014/texmf-dist/tex/latex/latexconfig/graphics.cfg
File: graphics.cfg 2010/04/23 v1.9 graphics configuration of TeX Live
)
Package graphics Info: Driver file: pdftex.def on input line 91.

(/usr/local/texlive/2014/texmf-dist/tex/latex/pdftex-def/pdftex.def
File: pdftex.def 2011/05/27 v0.06d Graphics/color for pdfTeX

(/usr/local/texlive/2014/texmf-dist/tex/generic/oberdiek/infwarerr.sty
Package: infwarerr 2010/04/08 v1.3 Providing info/warning/error messages (HO)
)
(/usr/local/texlive/2014/texmf-dist/tex/generic/oberdiek/ltxcmds.sty
Package: ltxcmds 2011/11/09 v1.22 LaTeX kernel commands for general use (HO)
)
\Gread@gobject=\count89
))
\Gin@req@height=\dimen104
\Gin@req@width=\dimen105
)
(/usr/local/texlive/2014/texmf-dist/tex/latex/subfigure/subfigure.sty
Package: subfigure 2002/03/15 v2.1.5 subfigure package
\subfigtopskip=\skip43
\subfigcapskip=\skip44
\subfigcaptopadj=\dimen106
\subfigbottomskip=\skip45
\subfigcapmargin=\dimen107
\subfiglabelskip=\skip46
\c@subfigure=\count90
\c@lofdepth=\count91
\c@subtable=\count92
\c@lotdepth=\count93

****************************************
* Local config file subfigure.cfg used *
****************************************
(/usr/local/texlive/2014/texmf-dist/tex/latex/subfigure/subfigure.cfg)
\subfig@top=\skip47
\subfig@bottom=\skip48
)
(/usr/local/texlive/2014/texmf-dist/tex/latex/natbib/natbib.sty
Package: natbib 2010/09/13 8.31b (PWD, AO)
\bibhang=\skip49
\bibsep=\skip50
LaTeX Info: Redefining \cite on input line 694.
\c@NAT@ctr=\count94
)
(/usr/local/texlive/2014/texmf-dist/tex/latex/hyperref/hyperref.sty
Package: hyperref 2012/11/06 v6.83m Hypertext links for LaTeX

(/usr/local/texlive/2014/texmf-dist/tex/generic/oberdiek/hobsub-hyperref.sty
Package: hobsub-hyperref 2012/05/28 v1.13 Bundle oberdiek, subset hyperref (HO)


(/usr/local/texlive/2014/texmf-dist/tex/generic/oberdiek/hobsub-generic.sty
Package: hobsub-generic 2012/05/28 v1.13 Bundle oberdiek, subset generic (HO)
Package: hobsub 2012/05/28 v1.13 Construct package bundles (HO)
Package hobsub Info: Skipping package `infwarerr' (already loaded).
Package hobsub Info: Skipping package `ltxcmds' (already loaded).
Package: ifluatex 2010/03/01 v1.3 Provides the ifluatex switch (HO)
Package ifluatex Info: LuaTeX not detected.
Package: ifvtex 2010/03/01 v1.5 Detect VTeX and its facilities (HO)
Package ifvtex Info: VTeX not detected.
Package: intcalc 2007/09/27 v1.1 Expandable calculations with integers (HO)
Package: ifpdf 2011/01/30 v2.3 Provides the ifpdf switch (HO)
Package ifpdf Info: pdfTeX in PDF mode is detected.
Package: etexcmds 2011/02/16 v1.5 Avoid name clashes with e-TeX commands (HO)
Package etexcmds Info: Could not find \expanded.
(etexcmds)             That can mean that you are not using pdfTeX 1.50 or
(etexcmds)             that some package has redefined \expanded.
(etexcmds)             In the latter case, load this package earlier.
Package: kvsetkeys 2012/04/25 v1.16 Key value parser (HO)
Package: kvdefinekeys 2011/04/07 v1.3 Define keys (HO)
Package: pdftexcmds 2011/11/29 v0.20 Utility functions of pdfTeX for LuaTeX (HO
)
Package pdftexcmds Info: LuaTeX not detected.
Package pdftexcmds Info: \pdf@primitive is available.
Package pdftexcmds Info: \pdf@ifprimitive is available.
Package pdftexcmds Info: \pdfdraftmode found.
Package: pdfescape 2011/11/25 v1.13 Implements pdfTeX's escape features (HO)
Package: bigintcalc 2012/04/08 v1.3 Expandable calculations on big integers (HO
)
Package: bitset 2011/01/30 v1.1 Handle bit-vector datatype (HO)
Package: uniquecounter 2011/01/30 v1.2 Provide unlimited unique counter (HO)
)
Package hobsub Info: Skipping package `hobsub' (already loaded).
Package: letltxmacro 2010/09/02 v1.4 Let assignment for LaTeX macros (HO)
Package: hopatch 2012/05/28 v1.2 Wrapper for package hooks (HO)
Package: xcolor-patch 2011/01/30 xcolor patch
Package: atveryend 2011/06/30 v1.8 Hooks at the very end of document (HO)
Package atveryend Info: \enddocument detected (standard20110627).
Package: atbegshi 2011/10/05 v1.16 At begin shipout hook (HO)
Package: refcount 2011/10/16 v3.4 Data extraction from label references (HO)
Package: hycolor 2011/01/30 v1.7 Color options for hyperref/bookmark (HO)
)
(/usr/local/texlive/2014/texmf-dist/tex/generic/ifxetex/ifxetex.sty
Package: ifxetex 2010/09/12 v0.6 Provides ifxetex conditional
)
(/usr/local/texlive/2014/texmf-dist/tex/latex/oberdiek/auxhook.sty
Package: auxhook 2011/03/04 v1.3 Hooks for auxiliary files (HO)
)
(/usr/local/texlive/2014/texmf-dist/tex/latex/oberdiek/kvoptions.sty
Package: kvoptions 2011/06/30 v3.11 Key value format for package options (HO)
)
\@linkdim=\dimen108
\Hy@linkcounter=\count95
\Hy@pagecounter=\count96

(/usr/local/texlive/2014/texmf-dist/tex/latex/hyperref/pd1enc.def
File: pd1enc.def 2012/11/06 v6.83m Hyperref: PDFDocEncoding definition (HO)
)
\Hy@SavedSpaceFactor=\count97

(/usr/local/texlive/2014/texmf-dist/tex/latex/latexconfig/hyperref.cfg
File: hyperref.cfg 2002/06/06 v1.2 hyperref configuration of TeXLive
)
Package hyperref Info: Hyper figures OFF on input line 4443.
Package hyperref Info: Link nesting OFF on input line 4448.
Package hyperref Info: Hyper index ON on input line 4451.
Package hyperref Info: Plain pages OFF on input line 4458.
Package hyperref Info: Backreferencing OFF on input line 4463.
Package hyperref Info: Implicit mode ON; LaTeX internals redefined.
Package hyperref Info: Bookmarks ON on input line 4688.
\c@Hy@tempcnt=\count98

(/usr/local/texlive/2014/texmf-dist/tex/latex/url/url.sty
\Urlmuskip=\muskip10
Package: url 2013/09/16  ver 3.4  Verb mode for urls, etc.
)
LaTeX Info: Redefining \url on input line 5041.
\XeTeXLinkMargin=\dimen109
\Fld@menulength=\count99
\Field@Width=\dimen110
\Fld@charsize=\dimen111
Package hyperref Info: Hyper figures OFF on input line 6295.
Package hyperref Info: Link nesting OFF on input line 6300.
Package hyperref Info: Hyper index ON on input line 6303.
Package hyperref Info: backreferencing OFF on input line 6310.
Package hyperref Info: Link coloring OFF on input line 6315.
Package hyperref Info: Link coloring with OCG OFF on input line 6320.
Package hyperref Info: PDF/A mode OFF on input line 6325.
LaTeX Info: Redefining \ref on input line 6365.
LaTeX Info: Redefining \pageref on input line 6369.
\Hy@abspage=\count100
\c@Item=\count101
\c@Hfootnote=\count102
)

Package hyperref Message: Driver (autodetected): hpdftex.

(/usr/local/texlive/2014/texmf-dist/tex/latex/hyperref/hpdftex.def
File: hpdftex.def 2012/11/06 v6.83m Hyperref driver for pdfTeX
\Fld@listcount=\count103
\c@bookmark@seq@number=\count104

(/usr/local/texlive/2014/texmf-dist/tex/latex/oberdiek/rerunfilecheck.sty
Package: rerunfilecheck 2011/04/15 v1.7 Rerun checks for auxiliary files (HO)
Package uniquecounter Info: New unique counter `rerunfilecheck' on input line 2
82.
)
\Hy@SectionHShift=\skip51
)
(/usr/local/texlive/2014/texmf-dist/tex/latex/amsfonts/amsfonts.sty
Package: amsfonts 2013/01/14 v3.01 Basic AMSFonts support
\@emptytoks=\toks17
\symAMSa=\mathgroup5
\symAMSb=\mathgroup6
LaTeX Font Info:    Overwriting math alphabet `\mathfrak' in version `bold'
(Font)                  U/euf/m/n --> U/euf/b/n on input line 106.
)
(/usr/local/texlive/2014/texmf-dist/tex/latex/amsmath/amsmath.sty
Package: amsmath 2013/01/14 v2.14 AMS math features
\@mathmargin=\skip52

For additional information on amsmath, use the `?' option.
(/usr/local/texlive/2014/texmf-dist/tex/latex/amsmath/amstext.sty
Package: amstext 2000/06/29 v2.01

(/usr/local/texlive/2014/texmf-dist/tex/latex/amsmath/amsgen.sty
File: amsgen.sty 1999/11/30 v2.0
\@emptytoks=\toks18
\ex@=\dimen112
))
(/usr/local/texlive/2014/texmf-dist/tex/latex/amsmath/amsbsy.sty
Package: amsbsy 1999/11/29 v1.2d
\pmbraise@=\dimen113
)
(/usr/local/texlive/2014/texmf-dist/tex/latex/amsmath/amsopn.sty
Package: amsopn 1999/12/14 v2.01 operator names
)
\inf@bad=\count105
LaTeX Info: Redefining \frac on input line 210.
\uproot@=\count106
\leftroot@=\count107
LaTeX Info: Redefining \overline on input line 306.
\classnum@=\count108
\DOTSCASE@=\count109
LaTeX Info: Redefining \ldots on input line 378.
LaTeX Info: Redefining \dots on input line 381.
LaTeX Info: Redefining \cdots on input line 466.
\Mathstrutbox@=\box26
\strutbox@=\box27
\big@size=\dimen114
LaTeX Font Info:    Redeclaring font encoding OML on input line 566.
LaTeX Font Info:    Redeclaring font encoding OMS on input line 567.
\macc@depth=\count110
\c@MaxMatrixCols=\count111
\dotsspace@=\muskip11
\c@parentequation=\count112
\dspbrk@lvl=\count113
\tag@help=\toks19
\row@=\count114
\column@=\count115
\maxfields@=\count116
\andhelp@=\toks20
\eqnshift@=\dimen115
\alignsep@=\dimen116
\tagshift@=\dimen117
\tagwidth@=\dimen118
\totwidth@=\dimen119
\lineht@=\dimen120
\@envbody=\toks21
\multlinegap=\skip53
\multlinetaggap=\skip54
\mathdisplay@stack=\toks22
LaTeX Info: Redefining \[ on input line 2665.
LaTeX Info: Redefining \] on input line 2666.
)
(/usr/local/texlive/2014/texmf-dist/tex/latex/amsfonts/amssymb.sty
Package: amssymb 2013/01/14 v3.01 AMS font symbols
)
(/usr/local/texlive/2014/texmf-dist/tex/latex/oberdiek/epstopdf.sty
Package: epstopdf 2010/02/09 v2.5 Conversion with epstopdf on the fly (HO)

(/usr/local/texlive/2014/texmf-dist/tex/latex/oberdiek/epstopdf-base.sty
Package: epstopdf-base 2010/02/09 v2.5 Base part for package epstopdf

(/usr/local/texlive/2014/texmf-dist/tex/latex/oberdiek/grfext.sty
Package: grfext 2010/08/19 v1.1 Manage graphics extensions (HO)
)
Package grfext Info: Graphics extension search list:
(grfext)             [.png,.pdf,.jpg,.mps,.jpeg,.jbig2,.jb2,.PNG,.PDF,.JPG,.JPE
G,.JBIG2,.JB2,.eps]
(grfext)             \AppendGraphicsExtensions on input line 452.

(/usr/local/texlive/2014/texmf-dist/tex/latex/latexconfig/epstopdf-sys.cfg
File: epstopdf-sys.cfg 2010/07/13 v1.3 Configuration of (r)epstopdf for TeX Liv
e
)))
(/usr/local/texlive/2014/texmf-dist/tex/latex/graphics/color.sty
Package: color 2014/04/23 v1.1a Standard LaTeX Color (DPC)

(/usr/local/texlive/2014/texmf-dist/tex/latex/latexconfig/color.cfg
File: color.cfg 2007/01/18 v1.5 color configuration of teTeX/TeXLive
)
Package color Info: Driver file: pdftex.def on input line 137.
)
(/usr/local/texlive/2014/texmf-dist/tex/latex/wrapfig/wrapfig.sty
\wrapoverhang=\dimen121
\WF@size=\dimen122
\c@WF@wrappedlines=\count117
\WF@box=\box28
\WF@everypar=\toks23
Package: wrapfig 2003/01/31  v 3.6
)
(/usr/local/texlive/2014/texmf-dist/tex/latex/fancyvrb/fancyvrb.sty
Package: fancyvrb 2008/02/07

Style option: `fancyvrb' v2.7a, with DG/SPQR fixes, and firstline=lastline fix 
<2008/02/07> (tvz)
\FV@CodeLineNo=\count118
\FV@InFile=\read1
\FV@TabBox=\box29
\c@FancyVerbLine=\count119
\FV@StepNumber=\count120
\FV@OutFile=\write3
)
(/usr/local/texlive/2014/texmf-dist/tex/latex/rotating/rotating.sty
Package: rotating 2009/03/28 v2.16a rotated objects in LaTeX

(/usr/local/texlive/2014/texmf-dist/tex/latex/base/ifthen.sty
Package: ifthen 2001/05/26 v1.1c Standard LaTeX ifthen package (DPC)
)
\c@r@tfl@t=\count121
\rotFPtop=\skip55
\rotFPbot=\skip56
\rot@float@box=\box30
\rot@mess@toks=\toks24
)
(/usr/local/texlive/2014/texmf-dist/tex/latex/tools/enumerate.sty
Package: enumerate 1999/03/05 v3.00 enumerate extensions (DPC)
\@enLab=\toks25
)
(/usr/local/texlive/2014/texmf-dist/tex/latex/tabulary/tabulary.sty
Package: tabulary 2008/12/01 v0.9 tabulary package (DPC)

(/usr/local/texlive/2014/texmf-dist/tex/latex/tools/array.sty
Package: array 2008/09/09 v2.4c Tabular extension package (FMi)
\col@sep=\dimen123
\extrarowheight=\dimen124
\NC@list=\toks26
\extratabsurround=\skip57
\backup@length=\skip58
)
\TY@count=\count122
\TY@linewidth=\dimen125
\tymin=\dimen126
\tymax=\dimen127
\TY@tablewidth=\dimen128
)
(/usr/local/texlive/2014/texmf-dist/tex/latex/xcolor/xcolor.sty
Package: xcolor 2007/01/21 v2.11 LaTeX color extensions (UK)

(/usr/local/texlive/2014/texmf-dist/tex/latex/latexconfig/color.cfg
File: color.cfg 2007/01/18 v1.5 color configuration of teTeX/TeXLive
)
Package xcolor Info: Driver file: pdftex.def on input line 225.

(/usr/local/texlive/2014/texmf-dist/tex/latex/colortbl/colortbl.sty
Package: colortbl 2012/02/13 v1.0a Color table columns (DPC)
\everycr=\toks27
\minrowclearance=\skip59
)
LaTeX Info: Redefining \color on input line 702.
\rownum=\count123
Package xcolor Info: Model `cmy' substituted by `cmy0' on input line 1337.
Package xcolor Info: Model `hsb' substituted by `rgb' on input line 1341.
Package xcolor Info: Model `RGB' extended on input line 1353.
Package xcolor Info: Model `HTML' substituted by `rgb' on input line 1355.
Package xcolor Info: Model `Hsb' substituted by `hsb' on input line 1356.
Package xcolor Info: Model `tHsb' substituted by `hsb' on input line 1357.
Package xcolor Info: Model `HSB' substituted by `hsb' on input line 1358.
Package xcolor Info: Model `Gray' substituted by `gray' on input line 1359.
Package xcolor Info: Model `wave' substituted by `hsb' on input line 1360.
)
(/usr/local/texlive/2014/texmf-dist/tex/latex/algorithmicx/algpseudocode.sty
Package: algpseudocode 

(/usr/local/texlive/2014/texmf-dist/tex/latex/algorithmicx/algorithmicx.sty
Package: algorithmicx 2005/04/27 v1.2 Algorithmicx

Document Style algorithmicx 1.2 - a greatly improved `algorithmic' style
\c@ALG@line=\count124
\c@ALG@rem=\count125
\c@ALG@nested=\count126
\ALG@tlm=\skip60
\ALG@thistlm=\skip61
\c@ALG@Lnr=\count127
\c@ALG@blocknr=\count128
\c@ALG@storecount=\count129
\c@ALG@tmpcounter=\count130
\ALG@tmplength=\skip62
)
Document Style - pseudocode environments for use with the `algorithmicx' style
) (/usr/local/texlive/2014/texmf-dist/tex/latex/algorithms/algorithm.sty
Package: algorithm 2009/08/24 v0.1 Document Style `algorithm' - floating enviro
nment

(/usr/local/texlive/2014/texmf-dist/tex/latex/float/float.sty
Package: float 2001/11/08 v1.3d Float enhancements (AL)
\c@float@type=\count131
\float@exts=\toks28
\float@box=\box31
\@float@everytoks=\toks29
\@floatcapt=\box32
)
\@float@every@algorithm=\toks30
\c@algorithm=\count132
) (./thesis.aux

LaTeX Warning: Label `sec:selective_sampling' multiply defined.


LaTeX Warning: Label `step_2_in_proof' multiply defined.


LaTeX Warning: Label `alg:SHAMPO_FO' multiply defined.


LaTeX Warning: Label `thm:FO_bound_aggressive' multiply defined.


LaTeX Warning: Label `eq:bound_for_i' multiply defined.


LaTeX Warning: Label `perc_update' multiply defined.


LaTeX Warning: Label `sec_order_2' multiply defined.

)
\openout1 = `thesis.aux'.

LaTeX Font Info:    Checking defaults for OML/cmm/m/it on input line 45.
LaTeX Font Info:    ... okay on input line 45.
LaTeX Font Info:    Checking defaults for T1/cmr/m/n on input line 45.
LaTeX Font Info:    ... okay on input line 45.
LaTeX Font Info:    Checking defaults for OT1/cmr/m/n on input line 45.
LaTeX Font Info:    ... okay on input line 45.
LaTeX Font Info:    Checking defaults for OMS/cmsy/m/n on input line 45.
LaTeX Font Info:    ... okay on input line 45.
LaTeX Font Info:    Checking defaults for OMX/cmex/m/n on input line 45.
LaTeX Font Info:    ... okay on input line 45.
LaTeX Font Info:    Checking defaults for U/cmr/m/n on input line 45.
LaTeX Font Info:    ... okay on input line 45.
LaTeX Font Info:    Checking defaults for LHE/cmr/m/n on input line 45.
LaTeX Font Info:    Try loading font information for LHE+cmr on input line 45.
 (/usr/local/texlive/2014/texmf-dist/tex/generic/babel-hebrew/lhecmr.fd
File: lhecmr.fd 2005/05/20 v1.2c Hebrew default font (test version: still liabl
e to change)
)
LaTeX Font Info:    ... okay on input line 45.
LaTeX Font Info:    Checking defaults for PD1/pdf/m/n on input line 45.
LaTeX Font Info:    ... okay on input line 45.
LaTeX Font Info:    Try loading font information for OT1+ptm on input line 45.

(/usr/local/texlive/2014/texmf-dist/tex/latex/psnfss/ot1ptm.fd
File: ot1ptm.fd 2001/06/04 font definitions for OT1/ptm.
)
(/usr/local/texlive/2014/texmf-dist/tex/context/base/supp-pdf.mkii
[Loading MPS to PDF converter (version 2006.09.02).]
\scratchcounter=\count133
\scratchdimen=\dimen129
\scratchbox=\box33
\nofMPsegments=\count134
\nofMParguments=\count135
\everyMPshowfont=\toks31
\MPscratchCnt=\count136
\MPscratchDim=\dimen130
\MPnumerator=\count137
\makeMPintoPDFobject=\count138
\everyMPtoPDFconversion=\toks32
)
\AtBeginShipoutBox=\box34
Package hyperref Info: Link coloring OFF on input line 45.
 (/usr/local/texlive/2014/texmf-dist/tex/latex/hyperref/nameref.sty
Package: nameref 2012/10/27 v2.43 Cross-referencing by name of section

(/usr/local/texlive/2014/texmf-dist/tex/generic/oberdiek/gettitlestring.sty
Package: gettitlestring 2010/12/03 v1.4 Cleanup title references (HO)
)
\c@section@level=\count139
)
LaTeX Info: Redefining \ref on input line 45.
LaTeX Info: Redefining \pageref on input line 45.
LaTeX Info: Redefining \nameref on input line 45.

(./thesis.out) (./thesis.out)
\@outlinefile=\write4
\openout4 = `thesis.out'.

LaTeX Font Info:    Font shape `OT1/ptm/bx/n' in size <24.88> not available
(Font)              Font shape `OT1/ptm/b/n' tried instead on input line 65.
LaTeX Font Info:    Font shape `OT1/ptm/bx/n' in size <17.28> not available
(Font)              Font shape `OT1/ptm/b/n' tried instead on input line 65.
 [1

{/usr/local/texlive/2014/texmf-var/fonts/map/pdftex/updmap/pdftex.map}] [2]
LaTeX Font Info:    Try loading font information for U+lasy on input line 65.

(/usr/local/texlive/2014/texmf-dist/tex/latex/base/ulasy.fd
File: ulasy.fd 1998/08/17 v2.2e LaTeX symbol font definitions
)
LaTeX Font Info:    Try loading font information for U+msa on input line 65.

(/usr/local/texlive/2014/texmf-dist/tex/latex/amsfonts/umsa.fd
File: umsa.fd 2013/01/14 v3.01 AMS symbols A
)
LaTeX Font Info:    Try loading font information for U+msb on input line 65.

(/usr/local/texlive/2014/texmf-dist/tex/latex/amsfonts/umsb.fd
File: umsb.fd 2013/01/14 v3.01 AMS symbols B
) [3

] [4]
[5

] [6]
Underfull \hbox (badness 10000) in paragraph at lines 65--65

 []

[7

] [8] (./thesis.toc
LaTeX Font Info:    Font shape `OT1/ptm/bx/n' in size <10.95> not available
(Font)              Font shape `OT1/ptm/b/n' tried instead on input line 2.
)
\tf@toc=\write5
\openout5 = `thesis.toc'.

 [9


] (./thesis.lof)
\tf@lof=\write6
\openout6 = `thesis.lof'.

 [10

] (./thesis.lot)
\tf@lot=\write7
\openout7 = `thesis.lot'.

 [11

] [12]
(./prela.tex
\c@theorem=\count140
\c@Remark=\count141
\c@mySubCounter=\count142
)pdfTeX warning (ext4): destination with the same identifier (name{page.1}) has
 been already used, duplicate ignored
<to be read again> 
                   \relax 
l.88 \chapter
             *{Abbreviations and Notations} [1


] (./introduction.texpdfTeX warning (ext4): destination with the same identifie
r (name{page.2}) has been already used, duplicate ignored
<to be read again> 
                   \relax 
l.1 \chapter
            {Introduction} [2

]
Chapter 1.
LaTeX Font Info:    Font shape `OT1/ptm/bx/n' in size <20.74> not available
(Font)              Font shape `OT1/ptm/b/n' tried instead on input line 1.
LaTeX Font Info:    Font shape `OT1/ptm/bx/n' in size <14.4> not available
(Font)              Font shape `OT1/ptm/b/n' tried instead on input line 22.
pdfTeX warning (ext4): destination with the same identifier (name{page.3}) has 
been already used, duplicate ignored
<to be read again> 
                   \relax 
l.37 
      [3

]

LaTeX Warning: Command \l invalid in math mode on input line 56.

pdfTeX warning (ext4): destination with the same identifier (name{page.4}) has 
been already used, duplicate ignored
<to be read again> 
                   \relax 
l.88 
      [4]) (./SharedAnnotatorSettings.texpdfTeX warning (ext4): destination wit
h the same identifier (name{page.5}) has been already used, duplicate ignored
<to be read again> 
                   \relax 
l.1 \chapter
            {The Shared Annotator Setting} [5]
Chapter 2.

Overfull \hbox (5.5542pt too wide) in paragraph at lines 20--35
[]\OT1/ptm/m/n/10.95 On round $\OML/cmm/m/it/10.95 t$\OT1/ptm/m/n/10.95 , the l
earn-ing al-go-rithm re-ceives $\OML/cmm/m/it/10.95 K$ \OT1/ptm/m/n/10.95 in-pu
t vec-tors $\OT1/cmr/bx/n/10.95 x[]$ \OT1/ptm/m/n/10.95 for $\OML/cmm/m/it/10.9
5 i \OT1/cmr/m/n/10.95 = 1\OML/cmm/m/it/10.95 ; [] ; K$
 []

pdfTeX warning (ext4): destination with the same identifier (name{page.6}) has 
been already used, duplicate ignored
<to be read again> 
                   \relax 
l.35 
      [6

]
Package epstopdf Info: Source file: <figs/SHAMPO_illustration.eps>
(epstopdf)                    date: 2013-10-31 15:24:43
(epstopdf)                    size: 176704 bytes
(epstopdf)             Output file: <figs/SHAMPO_illustration-eps-converted-to.
pdf>
(epstopdf)                    date: 2014-03-27 10:17:25
(epstopdf)                    size: 42778 bytes
(epstopdf)             Command: <repstopdf --outfile=figs/SHAMPO_illustration-e
ps-converted-to.pdf figs/SHAMPO_illustration.eps>
(epstopdf)             \includegraphics on input line 81.
Package epstopdf Info: Output file is already uptodate.

<figs/SHAMPO_illustration-eps-converted-to.pdf, id=218, 766.865pt x 634.37pt>
File: figs/SHAMPO_illustration-eps-converted-to.pdf Graphic file (type pdf)

<use figs/SHAMPO_illustration-eps-converted-to.pdf>
Package pdftex.def Info: figs/SHAMPO_illustration-eps-converted-to.pdf used on 
input line 81.
(pdftex.def)             Requested size: 180.0pt x 148.89305pt.
) (./SHAMPO.texpdfTeX warning (ext4): destination with the same identifier (nam
e{page.7}) has been already used, duplicate ignored
<to be read again> 
                   \relax 
l.1 \chapter
            {SHMPO (SHared Annotator for Multiple Problems) Algorithms}
[7pdfTeX warning (ext4): destination with the same identifier (name{table.2.1})
 has been already used, duplicate ignored

\AtBegShi@Output ...ipout \box \AtBeginShipoutBox 
                                                  \fi \fi 
l.1 \chapter
            {SHMPO (SHared Annotator for Multiple Problems) Algorithms}pdfTeX w
arning (ext4): destination with the same identifier (name{table.2.2}) has been 
already used, duplicate ignored

\AtBegShi@Output ...ipout \box \AtBeginShipoutBox 
                                                  \fi \fi 
l.1 \chapter
            {SHMPO (SHared Annotator for Multiple Problems) Algorithms}]pdfTeX 
warning (ext4): destination with the same identifier (name{page.8}) has been al
ready used, duplicate ignored
<to be read again> 
                   \relax 
l.1 \chapter
            {SHMPO (SHared Annotator for Multiple Problems) Algorithms}
[8pdfTeX warning (ext4): destination with the same identifier (name{figure.2.1}
) has been already used, duplicate ignored

\AtBegShi@Output ...ipout \box \AtBeginShipoutBox 
                                                  \fi \fi 
l.1 \chapter
            {SHMPO (SHared Annotator for Multiple Problems) Algorithms} <./figs
/SHAMPO_illustration-eps-converted-to.pdf>]
Chapter 3.
pdfTeX warning (ext4): destination with the same identifier (name{page.9}) has 
been already used, duplicate ignored
<to be read again> 
                   \relax 
l.38 \begin{equation}
                      [9

]
Package epstopdf Info: Source file: <figs/margin.eps>
(epstopdf)                    date: 2014-04-05 16:17:15
(epstopdf)                    size: 9441 bytes
(epstopdf)             Output file: <figs/margin-eps-converted-to.pdf>
(epstopdf)                    date: 2015-09-02 22:37:20
(epstopdf)                    size: 5686 bytes
(epstopdf)             Command: <repstopdf --outfile=figs/margin-eps-converted-
to.pdf figs/margin.eps>
(epstopdf)             \includegraphics on input line 61.
Package epstopdf Info: Output file is already uptodate.

<figs/margin-eps-converted-to.pdf, id=246, 250.9375pt x 203.76125pt>
File: figs/margin-eps-converted-to.pdf Graphic file (type pdf)

<use figs/margin-eps-converted-to.pdf>
Package pdftex.def Info: figs/margin-eps-converted-to.pdf used on input line 61
.
(pdftex.def)             Requested size: 180.0pt x 146.16699pt.
pdfTeX warning (ext4): destination with the same identifier (name{page.10}) has
 been already used, duplicate ignored
<to be read again> 
                   \relax 
l.77 
      [10pdfTeX warning (ext4): destination with the same identifier (name{figu
re.3.1}) has been already used, duplicate ignored

\AtBegShi@Output ...ipout \box \AtBeginShipoutBox 
                                                  \fi \fi 
l.77 
      <./figs/margin-eps-converted-to.pdf>]

LaTeX Warning: Reference `fig:fig:probability_example' on page 11 undefined on 
input line 91.

./SHAMPO.tex:97: Missing } inserted.
<inserted text> 
                }
l.97 ...aces{\hat{p}_{1,{t^*}},\hat{p}_{2,t{^*}}}$
                                                  ,
I've inserted something that you may have forgotten.
(See the <inserted text> above.)
With luck, this will get me unwedged. But if you
really didn't forget anything, try typing `2' now; then
my insertion and my current dilemma will both disappear.

Package epstopdf Info: Source file: <figs/probability.eps>
(epstopdf)                    date: 2014-04-06 00:45:17
(epstopdf)                    size: 14688 bytes
(epstopdf)             Output file: <figs/probability-eps-converted-to.pdf>
(epstopdf)                    date: 2015-09-12 12:47:07
(epstopdf)                    size: 8222 bytes
(epstopdf)             Command: <repstopdf --outfile=figs/probability-eps-conve
rted-to.pdf figs/probability.eps>
(epstopdf)             \includegraphics on input line 109.
Package epstopdf Info: Output file is already uptodate.
<figs/probability-eps-converted-to.pdf, id=262, 392.46625pt x 225.84375pt>
File: figs/probability-eps-converted-to.pdf Graphic file (type pdf)

<use figs/probability-eps-converted-to.pdf>
Package pdftex.def Info: figs/probability-eps-converted-to.pdf used on input li
ne 109.
(pdftex.def)             Requested size: 288.0011pt x 165.73987pt.


LaTeX Warning: `h' float specifier changed to `ht'.

LaTeX Font Info:    Font shape `U/lasy/b/n' in size <8> not available
(Font)              Font shape `U/lasy/m/n' tried instead on input line 132.
LaTeX Font Info:    Font shape `U/lasy/b/n' in size <6> not available
(Font)              Font shape `U/lasy/m/n' tried instead on input line 132.

LaTeX Warning: Reference `prob' on page 11 undefined on input line 145.


LaTeX Warning: Reference `prob' on page 11 undefined on input line 145.

pdfTeX warning (ext4): destination with the same identifier (name{page.11}) has
 been already used, duplicate ignored
<to be read again> 
                   \relax 
l.157 \end{figure}
                   [11]

LaTeX Warning: `h' float specifier changed to `ht'.


Overfull \hbox (37.41302pt too wide) in paragraph at lines 199--199
[] 
 []

pdfTeX warning (ext4): destination with the same identifier (name{page.12}) has
 been already used, duplicate ignored
<to be read again> 
                   \relax 
l.199 \end{align*}
                   [12pdfTeX warning (ext4): destination with the same identifi
er (name{figure.3.2}) has been already used, duplicate ignored

\AtBegShi@Output ...ipout \box \AtBeginShipoutBox 
                                                  \fi \fi 
l.199 \end{align*}
                   <./figs/probability-eps-converted-to.pdf>] [13pdfTeX warning
 (ext4): destination with the same identifier (name{figure.3.3}) has been alrea
dy used, duplicate ignored

\AtBegShi@Output ...ipout \box \AtBeginShipoutBox 
                                                  \fi \fi 
l.199 \end{align*}
                  ]
Overfull \hbox (0.77461pt too wide) in paragraph at lines 222--222
[] 
 []

[14] [15]
Underfull \hbox (badness 10000) in paragraph at lines 333--337

 []


LaTeX Warning: Reference `bound' on page 16 undefined on input line 349.

[16]

LaTeX Warning: Reference `update_rule' on page 17 undefined on input line 366.


LaTeX Warning: Reference `update_rule' on page 17 undefined on input line 373.


Overfull \hbox (7.63118pt too wide) in paragraph at lines 375--378
\OT1/ptm/m/it/10.95 stead of only a sin-gle prob-lem, the ex-pected cu-mu-la-ti
ve weighted mis-takes is bounded
 []


LaTeX Warning: Reference `thm:bound' on page 17 undefined on input line 390.


LaTeX Warning: Reference `thm:bound' on page 17 undefined on input line 419.


LaTeX Warning: Reference `thm:bound' on page 17 undefined on input line 419.

[17]

LaTeX Warning: Reference `prob' on page 18 undefined on input line 460.


LaTeX Warning: Reference `prob' on page 18 undefined on input line 460.


LaTeX Warning: `h' float specifier changed to `ht'.

./SHAMPO.tex:490: Missing } inserted.
<inserted text> 
                }
l.490 \end{split}
                 
I've put in what seems to be necessary to fix
the current column of the current alignment.
Try to go on, since this might almost work.

./SHAMPO.tex:490: Extra }, or forgotten \right.
<template> }
            $\endtemplate 
l.490 \end{split}
                 
I've deleted a group-closing symbol because it seems to be
spurious, as in `$x}$'. But perhaps the } is legitimate and
you forgot something else, as in `\hbox{$x}'. In such cases
the way to recover is to insert both the forgotten and the
deleted material, e.g., by typing `I$}'.

./SHAMPO.tex:490: Missing \right. inserted.
<inserted text> 
                \right .
l.490 \end{split}
                 
I've inserted something that you may have forgotten.
(See the <inserted text> above.)
With luck, this will get me unwedged. But if you
really didn't forget anything, try typing `2' now; then
my insertion and my current dilemma will both disappear.

./SHAMPO.tex:490: Missing } inserted.
<inserted text> 
                }
l.490 \end{split}
                 
I've inserted something that you may have forgotten.
(See the <inserted text> above.)
With luck, this will get me unwedged. But if you
really didn't forget anything, try typing `2' now; then
my insertion and my current dilemma will both disappear.

./SHAMPO.tex:490: Extra \right.
\brackets #1->\left [{#1}\right ]
                                 
l.490 \end{split}
                 
I'm ignoring a \right that had no matching \left.

./SHAMPO.tex:490: Missing { inserted.
<inserted text> 
                {
l.490 \end{split}
                 
I've put in what seems to be necessary to fix
the current column of the current alignment.
Try to go on, since this might almost work.

./SHAMPO.tex:490: Missing } inserted.
<inserted text> 
                }
l.490 \end{split}
                 
I've put in what seems to be necessary to fix
the current column of the current alignment.
Try to go on, since this might almost work.

./SHAMPO.tex:490: Extra }, or forgotten \right.
<template> }
            $\endtemplate 
l.490 \end{split}
                 
I've deleted a group-closing symbol because it seems to be
spurious, as in `$x}$'. But perhaps the } is legitimate and
you forgot something else, as in `\hbox{$x}'. In such cases
the way to recover is to insert both the forgotten and the
deleted material, e.g., by typing `I$}'.

./SHAMPO.tex:490: Missing \right. inserted.
<inserted text> 
                \right .
l.490 \end{split}
                 
I've inserted something that you may have forgotten.
(See the <inserted text> above.)
With luck, this will get me unwedged. But if you
really didn't forget anything, try typing `2' now; then
my insertion and my current dilemma will both disappear.

./SHAMPO.tex:490: Missing } inserted.
<inserted text> 
                }
l.490 \end{split}
                 
I've inserted something that you may have forgotten.
(See the <inserted text> above.)
With luck, this will get me unwedged. But if you
really didn't forget anything, try typing `2' now; then
my insertion and my current dilemma will both disappear.

./SHAMPO.tex:490: Extra \right.
\brackets #1->\left [{#1}\right ]
                                 
l.490 \end{split}
                 
I'm ignoring a \right that had no matching \left.

./SHAMPO.tex:490: Missing { inserted.
<inserted text> 
                {
l.490 \end{split}
                 
I've put in what seems to be necessary to fix
the current column of the current alignment.
Try to go on, since this might almost work.

[18] [19pdfTeX warning (ext4): destination with the same identifier (name{figur
e.3.4}) has been already used, duplicate ignored

\AtBegShi@Output ...ipout \box \AtBeginShipoutBox 
                                                  \fi \fi 
l.500 
      ]
Underfull \hbox (badness 10000) in paragraph at lines 501--509

 []

[20] [21]
Underfull \hbox (badness 10000) in paragraph at lines 626--630

 []


Overfull \hbox (726.12334pt too wide) in paragraph at lines 633--642
[]
 []

[22]
Underfull \hbox (badness 10000) in paragraph at lines 669--671

 []

[23] [24]
Underfull \hbox (badness 10000) in paragraph at lines 747--751

 []


Package hyperref Warning: Token not allowed in a PDF string (PDFDocEncoding):
(hyperref)                removing `math shift' on input line 762.


Package hyperref Warning: Token not allowed in a PDF string (PDFDocEncoding):
(hyperref)                removing `math shift' on input line 762.

[25]

LaTeX Warning: `h' float specifier changed to `ht'.


LaTeX Warning: Reference `thm:bound' on page 26 undefined on input line 838.


Overfull \hbox (19.05771pt too wide) in paragraph at lines 853--853
[] 
 []

[26] [27] [28] [29] [30] [31]
./SHAMPO.tex:1040: Misplaced alignment tab character &.
l.1040 \sum_{i=1}^{K}\mathbb{E}&
                                \brackets{\sum_{t=1}^{n}M_{i,t}Z_{i,t}{\pare...
I can't figure out why you would want to use a tab mark
here. If you just want an ampersand, the remedy is
simple: Just type `I\&' now. But if some right brace
up above has ended a previous alignment prematurely,
you're probably due for more error messages, and you
might try typing `S' now just to see what is salvageable.

[32]
Overfull \hbox (28.92358pt too wide) in paragraph at lines 1092--1092
[] 
 []

./SHAMPO.tex:1093: Missing } inserted.
<inserted text> 
                }
l.1093 ...\sum_{i=1}^{K}\sum_{t=1}^{n}{M_{i,t}} }$
                                                  .
I've inserted something that you may have forgotten.
(See the <inserted text> above.)
With luck, this will get me unwedged. But if you
really didn't forget anything, try typing `2' now; then
my insertion and my current dilemma will both disappear.

[33]
Underfull \hbox (badness 10000) in paragraph at lines 1099--1101

 []

LaTeX Font Info:    Try loading font information for OMS+ptm on input line 1106
.
(/usr/local/texlive/2014/texmf-dist/tex/latex/psnfss/omsptm.fd
File: omsptm.fd 
)
LaTeX Font Info:    Font shape `OMS/ptm/m/n' in size <10.95> not available
(Font)              Font shape `OMS/cmsy/m/n' tried instead on input line 1106.

)
(./Second_Order_SHAMPO.tex [34] [35pdfTeX warning (ext4): destination with the 
same identifier (name{figure.3.5}) has been already used, duplicate ignored

\AtBegShi@Output ...ipout \box \AtBeginShipoutBox 
                                                  \fi \fi 
l.1 \chapter
            {Second Order SHAMPO}]
Chapter 4.
./Second_Order_SHAMPO.tex:27: Missing } inserted.
<inserted text> 
                }
l.27         \If {$y_{J_t,t}\ne{\hat{y}_{J_t,t}$}}
                                                  
I've inserted something that you may have forgotten.
(See the <inserted text> above.)
With luck, this will get me unwedged. But if you
really didn't forget anything, try typing `2' now; then
my insertion and my current dilemma will both disappear.

./Second_Order_SHAMPO.tex:27: Extra }, or forgotten \endgroup.
<argument> $y_{J_t,t}\ne {\hat {y}_{J_t,t}$}
                                            
l.27         \If {$y_{J_t,t}\ne{\hat{y}_{J_t,t}$}}
                                                  
I've deleted a group-closing symbol because it seems to be
spurious, as in `$x}$'. But perhaps the } is legitimate and
you forgot something else, as in `\hbox{$x}'. In such cases
the way to recover is to insert both the forgotten and the
deleted material, e.g., by typing `I$}'.

Package hyperref Info: bookmark level for unknown algorithm defaults to 0 on in
put line 45.

Underfull \hbox (badness 10000) in paragraph at lines 58--72

 []

[36

] [37]
Overfull \hbox (36.56804pt too wide) in paragraph at lines 94--94
[] 
 []


Overfull \hbox (51.95059pt too wide) in paragraph at lines 102--102
[] 
 []

[38] [39] [40] [41]) (./multitask_to_multiclass.tex [42]
Chapter 5.

Overfull \hbox (3.37468pt too wide) in paragraph at lines 2--10
[]\OT1/ptm/m/n/10.95 Avner et al.[] [[]2012[]]. The prob-lem of this set-ting i
s pre-dict-ing a la-bel $[] \OMS/cmsy/m/n/10.95 2 f\OT1/cmr/m/n/10.95 1\OML/cmm
/m/it/10.95 ; [] ; C\OMS/cmsy/m/n/10.95 g$
 []

[43

]

LaTeX Warning: Reference `thm:bound_aggressive_prior' on page 44 undefined on i
nput line 43.


Overfull \hbox (9.91805pt too wide) in paragraph at lines 43--52
\OT1/ptm/m/n/10.95 The corol-lary fol-lows di-rectly from The-o-rem [] by not-i
ng that, $\OT1/cmr/m/n/10.95 [ [[]] ] \OMS/cmsy/m/n/10.95 ^^T [][] \OML/cmm/m/i
t/10.95 M[]$\OT1/ptm/m/n/10.95 .
 []


Package amsmath Warning: Foreign command \atopwithdelims;
(amsmath)                \frac or \genfrac should be used instead
(amsmath)                 on input line 60.


Overfull \hbox (10.1642pt too wide) in paragraph at lines 55--66
\OT1/ptm/m/n/10.95 In the sec-ond set-ting, termed by \OT1/ptm/m/it/10.95 one-v
s-one\OT1/ptm/m/n/10.95 , the al-go-rithm picks two la-bels $[]\OML/cmm/m/it/10
.95 ; [] \OMS/cmsy/m/n/10.95 2$
 []

[44]

LaTeX Warning: Reference `thm:bound_aggressive_prior' on page 45 undefined on i
nput line 82.

[45]) (./experiments.tex [46]
Chapter 6.
[47

]

LaTeX Warning: Reference `fig:bars1' on page 48 undefined on input line 63.


LaTeX Warning: Reference `fig:bars2' on page 48 undefined on input line 63.


LaTeX Warning: Reference `fig:test_error' on page 48 undefined on input line 66
.

LaTeX Font Info:    Font shape `OT1/ptm/bx/n' in size <10> not available
(Font)              Font shape `OT1/ptm/b/n' tried instead on input line 80.

Overfull \hbox (62.4387pt too wide) in paragraph at lines 78--95
[][]
 []


LaTeX Warning: Reference `fig:mnist1' on page 48 undefined on input line 117.


LaTeX Warning: Reference `thm:bound' on page 48 undefined on input line 128.

[48]

LaTeX Warning: Reference `fig:mnist2' on page 49 undefined on input line 135.

[49pdfTeX warning (ext4): destination with the same identifier (name{table.6.1}
) has been already used, duplicate ignored

\AtBegShi@Output ...ipout \box \AtBeginShipoutBox 
                                                  \fi \fi 
l.150 
      ]

LaTeX Warning: Reference `fig:test_error' on page 50 undefined on input line 16
0.


LaTeX Warning: Reference `sec:variants' on page 50 undefined on input line 173.


) (./related_work.tex [50] [51]
Chapter 7.
[52

]) (./conclusions.tex [53]
Chapter 8.
) [54

] (./thesis.bbl
LaTeX Font Info:    Try loading font information for OT1+pcr on input line 15.

(/usr/local/texlive/2014/texmf-dist/tex/latex/psnfss/ot1pcr.fd
File: ot1pcr.fd 2001/06/04 font definitions for OT1/pcr.
)
Underfull \hbox (badness 3965) in paragraph at lines 10--16
\OT1/ptm/m/n/10.95 2008-138, EECS De-part-ment, Uni-ver-sity of Cal-i-for-nia, 
Berke-ley, Oct
 []

[55


]
Underfull \hbox (badness 4144) in paragraph at lines 70--74
\OT1/ptm/m/n/10.95 hy-pothe-ses.  In \OT1/ptm/m/it/10.95 Ad-vances in Neu-ral I
n-for-ma-tion Pro-cess-ing Sys-tems
 []

[56])
Package atveryend Info: Empty hook `BeforeClearDocument' on input line 124.
 [57]
Package atveryend Info: Empty hook `AfterLastShipout' on input line 124.
 (./thesis.aux)
Package atveryend Info: Executing hook `AtVeryEndDocument' on input line 124.
Package atveryend Info: Executing hook `AtEndAfterFileList' on input line 124.
Package rerunfilecheck Info: File `thesis.out' has not changed.
(rerunfilecheck)             Checksum: 1D75AE8F5C97BE83635418B3A35549ED;1259.


LaTeX Warning: There were undefined references.


LaTeX Warning: There were multiply-defined labels.

Package atveryend Info: Empty hook `AtVeryVeryEnd' on input line 124.
 ) 
Here is how much of TeX's memory you used:
 9909 strings out of 493117
 138582 string characters out of 6135433
 252140 words of memory out of 5000000
 12898 multiletter control sequences out of 15000+600000
 44051 words of font info for 110 fonts, out of 8000000 for 9000
 1141 hyphenation exceptions out of 8191
 41i,26n,40p,579b,477s stack positions out of 5000i,500n,10000p,200000b,80000s
{/usr/local/texlive/2014/texmf-dist/fonts/enc/dvips/base/8r.enc}</usr/local/t
exlive/2014/texmf-dist/fonts/type1/public/amsfonts/cm/cmbx10.pfb></usr/local/te
xlive/2014/texmf-dist/fonts/type1/public/amsfonts/cm/cmbx8.pfb></usr/local/texl
ive/2014/texmf-dist/fonts/type1/public/amsfonts/cm/cmex10.pfb></usr/local/texli
ve/2014/texmf-dist/fonts/type1/public/amsfonts/cm/cmmi10.pfb></usr/local/texliv
e/2014/texmf-dist/fonts/type1/public/amsfonts/cm/cmmi12.pfb></usr/local/texlive
/2014/texmf-dist/fonts/type1/public/amsfonts/cm/cmmi6.pfb></usr/local/texlive/2
014/texmf-dist/fonts/type1/public/amsfonts/cm/cmmi8.pfb></usr/local/texlive/201
4/texmf-dist/fonts/type1/public/amsfonts/cm/cmr10.pfb></usr/local/texlive/2014/
texmf-dist/fonts/type1/public/amsfonts/cm/cmr6.pfb></usr/local/texlive/2014/tex
mf-dist/fonts/type1/public/amsfonts/cm/cmr8.pfb></usr/local/texlive/2014/texmf-
dist/fonts/type1/public/amsfonts/cm/cmsy10.pfb></usr/local/texlive/2014/texmf-d
ist/fonts/type1/public/amsfonts/cm/cmsy6.pfb></usr/local/texlive/2014/texmf-dis
t/fonts/type1/public/amsfonts/cm/cmsy8.pfb></usr/local/texlive/2014/texmf-dist/
fonts/type1/public/amsfonts/symbols/msbm10.pfb></usr/local/texlive/2014/texmf-d
ist/fonts/type1/urw/courier/ucrr8a.pfb></usr/local/texlive/2014/texmf-dist/font
s/type1/urw/times/utmb8a.pfb></usr/local/texlive/2014/texmf-dist/fonts/type1/ur
w/times/utmr8a.pfb></usr/local/texlive/2014/texmf-dist/fonts/type1/urw/times/ut
mri8a.pfb>
Output written on ./thesis.pdf (69 pages, 412820 bytes).
PDF statistics:
 835 PDF objects out of 1000 (max. 8388607)
 725 compressed objects within 8 object streams
 218 named destinations out of 1000 (max. 500000)
 176 words of extra memory for PDF output out of 10000 (max. 10000000)

