#
# A fatal error has been detected by the Java Runtime Environment:
#
#  EXCEPTION_ACCESS_VIOLATION (0xc0000005) at pc=0x000000007a9ec750, pid=5304, tid=6076
#
# JRE version: 6.0_17-b04
# Java VM: Java HotSpot(TM) 64-Bit Server VM (14.3-b01 mixed mode windows-amd64 )
# Problematic frame:
# C  [awt.dll+0xdc750]
#
# If you would like to submit a bug report, please visit:
#   http://java.sun.com/webapps/bugreport/crash.jsp
# The crash happened outside the Java Virtual Machine in native code.
# See problematic frame for where to report the bug.
#

---------------  T H R E A D  ---------------

Current thread (0x000000002ec94000):  JavaThread "AWT-EventQueue-0" [_thread_in_native, id=6076, stack(0x000000002f800000,0x000000002f880000)]

siginfo: ExceptionCode=0xc0000005, reading address 0x0000000000000008

Registers:
EAX=0x000000000000000d, EBX=0x000000002ec941b8, ECX=0x0000000000000000, EDX=0x0000000002012eca
ESP=0x000000002f87e888, EBP=0x00000000377adee0, ESI=0x000000002ec941b8, EDI=0x00000000304442b0
EIP=0x000000007a9ec750, EFLAGS=0x0000000000010202

Top of Stack: (sp=0x000000002f87e888)
0x000000002f87e888:   000000007a99589c 0000000000000000
0x000000002f87e898:   000000002ec941b8 00000000377adee0
0x000000002f87e8a8:   000000002ec941b8 0000000000000010
0x000000002f87e8b8:   000000002ec941b8 0000000015cea9a8
0x000000002f87e8c8:   000000007a973810 000000002ec941b8
0x000000002f87e8d8:   000000002f87ef80 000000002f87ef58
0x000000002f87e8e8:   00000000377adee0 000000001438cce0
0x000000002f87e8f8:   000000007a992151 000000001ca50b08
0x000000002f87e908:   000000002f87ef60 0000000000000000
0x000000002f87e918:   000000002f87ef58 0000000015405ee0
0x000000002f87e928:   0000000000000000 000000001d82cfa0
0x000000002f87e938:   0000000000000000 0000000000000000
0x000000002f87e948:   0000000000000001 0000000011471a58
0x000000002f87e958:   0000000025f88718 000000001cbef8d8
0x000000002f87e968:   0000000011471a84 000000001cb8abc0
0x000000002f87e978:   000000002f87e978 00000000149d4174 

Instructions: (pc=0x000000007a9ec750)
0x000000007a9ec740:   48 8b 41 08 48 8b 80 18 0c 00 00 c3 cc cc cc cc
0x000000007a9ec750:   48 8b 49 08 48 85 c9 74 05 e9 72 f6 fd ff 33 c0 


Stack: [0x000000002f800000,0x000000002f880000],  sp=0x000000002f87e888,  free space=506k
Native frames: (J=compiled Java code, j=interpreted, Vv=VM code, C=native code)
C  [awt.dll+0xdc750]

Java frames: (J=compiled Java code, j=interpreted, Vv=VM code)
J  sun.java2d.windows.GDIBlitLoops.nativeBlit(Lsun/java2d/SurfaceData;Lsun/java2d/SurfaceData;Lsun/java2d/pipe/Region;IIIIIIIIIZ)V
J  sun.java2d.windows.GDIBlitLoops.Blit(Lsun/java2d/SurfaceData;Lsun/java2d/SurfaceData;Ljava/awt/Composite;Lsun/java2d/pipe/Region;IIIIII)V
J  sun.java2d.pipe.DrawImage.copyImage(Lsun/java2d/SunGraphics2D;Ljava/awt/Image;IILjava/awt/Color;Ljava/awt/image/ImageObserver;)Z
J  sun.java2d.SunGraphics2D.drawImage(Ljava/awt/Image;IILjava/awt/Color;Ljava/awt/image/ImageObserver;)Z
J  javax.swing.RepaintManager$PaintManager.paintDoubleBuffered(Ljavax/swing/JComponent;Ljava/awt/Image;Ljava/awt/Graphics;IIII)V
J  javax.swing.RepaintManager$PaintManager.paint(Ljavax/swing/JComponent;Ljavax/swing/JComponent;Ljava/awt/Graphics;IIII)Z
j  javax.swing.RepaintManager.paint(Ljavax/swing/JComponent;Ljavax/swing/JComponent;Ljava/awt/Graphics;IIII)V+52
J  javax.swing.JComponent.paint(Ljava/awt/Graphics;)V
j  java.awt.GraphicsCallback$PaintCallback.run(Ljava/awt/Component;Ljava/awt/Graphics;)V+2
j  sun.awt.SunGraphicsCallback.runOneComponent(Ljava/awt/Component;Ljava/awt/Rectangle;Ljava/awt/Graphics;Ljava/awt/Shape;I)V+155
j  sun.awt.SunGraphicsCallback.runComponents([Ljava/awt/Component;Ljava/awt/Graphics;I)V+104
j  java.awt.Container.paint(Ljava/awt/Graphics;)V+73
J  javax.swing.RepaintManager.paintDirtyRegions(Ljava/util/Map;)V
J  javax.swing.SystemEventQueueUtilities$ComponentWorkRequest.run()V
J  java.awt.event.InvocationEvent.dispatch()V
J  java.awt.EventDispatchThread.pumpOneEventForFilters(I)Z
J  java.awt.EventDispatchThread.pumpEventsForFilter(ILjava/awt/Conditional;Ljava/awt/EventFilter;)V
j  java.awt.EventDispatchThread.pumpEventsForHierarchy(ILjava/awt/Conditional;Ljava/awt/Component;)V+11
j  java.awt.EventDispatchThread.pumpEvents(ILjava/awt/Conditional;)V+4
j  java.awt.EventDispatchThread.pumpEvents(Ljava/awt/Conditional;)V+3
j  java.awt.EventDispatchThread.run()V+9
v  ~StubRoutines::call_stub

---------------  P R O C E S S  ---------------

Java Threads: ( => current thread )
  0x000000002ed55000 JavaThread "Image Fetcher 0" daemon [_thread_blocked, id=4692, stack(0x000000002f050000,0x000000002f0d0000)]
  0x000000002ed60800 JavaThread "Code Analyzer updating thread" [_thread_blocked, id=6732, stack(0x000000000fe10000,0x000000000fe90000)]
  0x000000002ed61800 JavaThread "Timer queue for AWT thread" daemon [_thread_blocked, id=3964, stack(0x000000000b500000,0x000000000b580000)]
  0x000000002ed56000 JavaThread "pool-2-thread-1" [_thread_blocked, id=6512, stack(0x000000002f950000,0x000000002f9d0000)]
  0x000000002ed63000 JavaThread "Timer queue for AWT thread" daemon [_thread_blocked, id=5812, stack(0x000000000c050000,0x000000000c0d0000)]
  0x000000002ed62000 JavaThread "Timer queue for AWT thread" daemon [_thread_blocked, id=3568, stack(0x000000000b090000,0x000000000b110000)]
  0x000000002ed5e800 JavaThread "Code Analyzer updating thread" [_thread_blocked, id=6420, stack(0x00000000350a0000,0x0000000035120000)]
  0x000000002ed5e000 JavaThread "Code Analyzer updating thread" [_thread_blocked, id=5548, stack(0x0000000035020000,0x00000000350a0000)]
  0x000000002ed5d000 JavaThread "Code Analyzer updating thread" [_thread_blocked, id=4420, stack(0x0000000032620000,0x00000000326a0000)]
  0x000000002ed5c800 JavaThread "Code Analyzer updating thread" [_thread_blocked, id=6812, stack(0x000000002f2a0000,0x000000002f320000)]
  0x000000002ed5b800 JavaThread "RequestQueue for GenericFileList" [_thread_blocked, id=1816, stack(0x000000002f200000,0x000000002f280000)]
  0x000000002ed5a000 JavaThread "Active Reference Queue Daemon" daemon [_thread_blocked, id=5840, stack(0x000000002f180000,0x000000002f200000)]
  0x000000002ed5b000 JavaThread "Timer-14" daemon [_thread_blocked, id=6820, stack(0x000000002efd0000,0x000000002f050000)]
  0x000000002ed59000 JavaThread "Timer-13" daemon [_thread_blocked, id=6628, stack(0x000000002f0d0000,0x000000002f150000)]
  0x000000002ed58000 JavaThread "Prefs Updater" daemon [_thread_blocked, id=4092, stack(0x00000000326a0000,0x0000000032720000)]
  0x000000002ed56800 JavaThread "Timer-1" [_thread_blocked, id=4120, stack(0x00000000325a0000,0x0000000032620000)]
  0x000000002ed54800 JavaThread "FelixPackageAdmin" daemon [_thread_blocked, id=6344, stack(0x0000000030d00000,0x0000000030d80000)]
  0x000000002ed53800 JavaThread "FelixStartLevel" daemon [_thread_blocked, id=2860, stack(0x0000000030c80000,0x0000000030d00000)]
  0x000000002fb92000 JavaThread "FelixDispatchQueue" daemon [_thread_blocked, id=196, stack(0x0000000030b80000,0x0000000030c00000)]
  0x000000002ee88000 JavaThread "TimerQueue" daemon [_thread_blocked, id=6608, stack(0x000000002f8d0000,0x000000002f950000)]
=>0x000000002ec94000 JavaThread "AWT-EventQueue-0" [_thread_in_native, id=6076, stack(0x000000002f800000,0x000000002f880000)]
  0x000000002eb9b000 JavaThread "AWT-Shutdown" [_thread_blocked, id=6436, stack(0x000000002f780000,0x000000002f800000)]
  0x000000002e95f000 JavaThread "AWT-Windows" daemon [_thread_in_native, id=6360, stack(0x000000000fe90000,0x000000000ff10000)]
  0x000000002e95d800 JavaThread "Java2D Disposer" daemon [_thread_blocked, id=6056, stack(0x000000000fd90000,0x000000000fe10000)]
  0x000000000f9c2000 JavaThread "Timer-0" [_thread_blocked, id=6568, stack(0x000000000dab0000,0x000000000db30000)]
  0x000000000f99c800 JavaThread "JMI Unnamed Thread" [_thread_in_native, id=4288, stack(0x000000000c260000,0x000000000d660000)]
  0x000000000d85d800 JavaThread "Low Memory Detector" daemon [_thread_blocked, id=5000, stack(0x000000000da30000,0x000000000dab0000)]
  0x000000000d85a000 JavaThread "CompilerThread1" daemon [_thread_blocked, id=6000, stack(0x000000002bf50000,0x000000002d350000)]
  0x000000000d857800 JavaThread "CompilerThread0" daemon [_thread_blocked, id=7020, stack(0x000000002ab50000,0x000000002bf50000)]
  0x000000000d853000 JavaThread "Attach Listener" daemon [_thread_blocked, id=3664, stack(0x000000000d9b0000,0x000000000da30000)]
  0x000000000d7fa800 JavaThread "Finalizer" daemon [_thread_blocked, id=7120, stack(0x000000000d660000,0x000000000d6e0000)]
  0x0000000001bdf000 JavaThread "Reference Handler" daemon [_thread_blocked, id=6160, stack(0x00000000043a0000,0x0000000004420000)]
  0x0000000001c6f000 JavaThread "main" [_thread_in_native, id=3704, stack(0x0000000000030000,0x0000000001430000)]

Other Threads:
  0x000000000d7f2800 VMThread [stack: 0x0000000029750000,0x000000002ab50000] [id=7116]
  0x000000000d875800 WatcherThread [stack: 0x000000002d350000,0x000000002e750000] [id=7104]

VM state:not at safepoint (normal execution)

VM Mutex/Monitor currently owned by a thread: None

Heap
 PSYoungGen      total 15616K, used 13833K [0x0000000025250000, 0x0000000026250000, 0x0000000028350000)
  eden space 14912K, 92% used [0x0000000025250000,0x0000000025fca7c0,0x00000000260e0000)
  from space 704K, 4% used [0x00000000260e0000,0x00000000260e8000,0x0000000026190000)
  to   space 640K, 0% used [0x00000000261b0000,0x00000000261b0000,0x0000000026250000)
 PSOldGen        total 111616K, used 91083K [0x000000001bf50000, 0x0000000022c50000, 0x0000000025250000)
  object space 111616K, 81% used [0x000000001bf50000,0x0000000021842d08,0x0000000022c50000)
 PSPermGen       total 108608K, used 66438K [0x0000000013f50000, 0x000000001a960000, 0x000000001bf50000)
  object space 108608K, 61% used [0x0000000013f50000,0x0000000018031880,0x000000001a960000)

Dynamic libraries:
0x0000000140000000 - 0x0000000140029000 	C:\Program Files\MATLAB\R2010b\bin\win64\MATLAB.exe
0x0000000076f70000 - 0x000000007711b000 	C:\Windows\SYSTEM32\ntdll.dll
0x0000000076e50000 - 0x0000000076f6f000 	C:\Windows\system32\kernel32.dll
0x000007fefd0f0000 - 0x000007fefd15b000 	C:\Windows\system32\KERNELBASE.dll
0x000000007d080000 - 0x000000007d18e000 	C:\Program Files\MATLAB\R2010b\bin\win64\libut.dll
0x0000000180000000 - 0x000000018007c000 	C:\Program Files\MATLAB\R2010b\bin\win64\libmwi18n.dll
0x00000000014e0000 - 0x00000000014f0000 	C:\Program Files\MATLAB\R2010b\bin\win64\boost_date_time-vc80-mt-1_40.dll
0x0000000071e80000 - 0x0000000071f89000 	C:\Windows\WinSxS\amd64_microsoft.vc80.crt_1fc8b3b9a1e18e3b_8.0.50727.6195_none_88e41e092fab0294\MSVCP80.dll
0x0000000071f90000 - 0x0000000072059000 	C:\Windows\WinSxS\amd64_microsoft.vc80.crt_1fc8b3b9a1e18e3b_8.0.50727.6195_none_88e41e092fab0294\MSVCR80.dll
0x000007fefd600000 - 0x000007fefd69f000 	C:\Windows\system32\msvcrt.dll
0x0000000001500000 - 0x000000000151b000 	C:\Program Files\MATLAB\R2010b\bin\win64\boost_filesystem-vc80-mt-1_40.dll
0x0000000001530000 - 0x0000000001539000 	C:\Program Files\MATLAB\R2010b\bin\win64\boost_system-vc80-mt-1_40.dll
0x0000000001550000 - 0x0000000001563000 	C:\Program Files\MATLAB\R2010b\bin\win64\boost_thread-vc80-mt-1_40.dll
0x000000007d880000 - 0x000000007d8a8000 	C:\Program Files\MATLAB\R2010b\bin\win64\LIBEXPAT.dll
0x000000007cce0000 - 0x000000007ce59000 	C:\Program Files\MATLAB\R2010b\bin\win64\icuin42.dll
0x000000007d590000 - 0x000000007d6ca000 	C:\Program Files\MATLAB\R2010b\bin\win64\icuuc42.dll
0x000007fefde60000 - 0x000007fefdf3b000 	C:\Windows\system32\ADVAPI32.dll
0x000007feff190000 - 0x000007feff1af000 	C:\Windows\SYSTEM32\sechost.dll
0x000007fefdb20000 - 0x000007fefdc4e000 	C:\Windows\system32\RPCRT4.dll
0x0000000010000000 - 0x0000000010f47000 	C:\Program Files\MATLAB\R2010b\bin\win64\icudt42.dll
0x0000000078a10000 - 0x0000000078b49000 	C:\Program Files\MATLAB\R2010b\bin\win64\libmwfl.dll
0x000007fefd6a0000 - 0x000007fefd6b7000 	C:\Windows\system32\imagehlp.dll
0x0000000077140000 - 0x0000000077147000 	C:\Windows\system32\PSAPI.DLL
0x00000000016c0000 - 0x00000000017a6000 	C:\Program Files\MATLAB\R2010b\bin\win64\boost_regex-vc80-mt-1_40.dll
0x0000000076d50000 - 0x0000000076e4a000 	C:\Windows\system32\USER32.dll
0x000007fefd9d0000 - 0x000007fefda37000 	C:\Windows\system32\GDI32.dll
0x000007fefd5a0000 - 0x000007fefd5ae000 	C:\Windows\system32\LPK.dll
0x000007feff1b0000 - 0x000007feff27a000 	C:\Windows\system32\USP10.dll
0x00000000017c0000 - 0x00000000017d4000 	C:\Program Files\MATLAB\R2010b\bin\win64\boost_signals-vc80-mt-1_40.dll
0x00000000017f0000 - 0x000000000182e000 	C:\Program Files\MATLAB\R2010b\bin\win64\tbb.dll
0x000000007cab0000 - 0x000000007cac0000 	C:\Program Files\MATLAB\R2010b\bin\win64\icuio42.dll
0x000000007d200000 - 0x000000007d460000 	C:\Program Files\MATLAB\R2010b\bin\win64\libmwservices.dll
0x000000007d190000 - 0x000000007d1fd000 	C:\Program Files\MATLAB\R2010b\bin\win64\libmx.dll
0x00000000791e0000 - 0x00000000791f7000 	C:\Program Files\MATLAB\R2010b\bin\win64\zlib1.dll
0x000000007d460000 - 0x000000007d58e000 	C:\Program Files\MATLAB\R2010b\bin\win64\libmwmathutil.dll
0x000000007acf0000 - 0x000000007ad51000 	C:\Program Files\MATLAB\R2010b\bin\win64\mpath.dll
0x000000007d8b0000 - 0x000000007db80000 	C:\Program Files\MATLAB\R2010b\bin\win64\mlutil.dll
0x000000007eb00000 - 0x000000007eb8b000 	C:\Program Files\MATLAB\R2010b\bin\win64\xmlcore.dll
0x000000007a670000 - 0x000000007a905000 	C:\Program Files\MATLAB\R2010b\bin\win64\xerces-c_2_7.dll
0x000007fefd6c0000 - 0x000007fefd70d000 	C:\Windows\system32\WS2_32.dll
0x000007fefe350000 - 0x000007fefe358000 	C:\Windows\system32\NSI.dll
0x000007fefe400000 - 0x000007feff186000 	C:\Windows\system32\SHELL32.dll
0x000007fefd340000 - 0x000007fefd3b1000 	C:\Windows\system32\SHLWAPI.dll
0x000007fefd180000 - 0x000007fefd220000 	C:\Windows\WinSxS\amd64_microsoft.windows.common-controls_6595b64144ccf1df_5.82.7600.16385_none_a44af8ec57f961cf\COMCTL32.dll
0x000007fefd2a0000 - 0x000007fefd338000 	C:\Windows\system32\comdlg32.dll
0x000007fefa7c0000 - 0x000007fefa7d6000 	C:\Windows\system32\NETAPI32.dll
0x000007fefa7b0000 - 0x000007fefa7bc000 	C:\Windows\system32\netutils.dll
0x000007fefc970000 - 0x000007fefc993000 	C:\Windows\system32\srvcli.dll
0x000007fefa790000 - 0x000007fefa7a5000 	C:\Windows\system32\wkscli.dll
0x000000007b0c0000 - 0x000000007b17a000 	C:\Program Files\MATLAB\R2010b\bin\win64\mcr.dll
0x000000007cac0000 - 0x000000007cb74000 	C:\Program Files\MATLAB\R2010b\bin\win64\iqm.dll
0x000000007b860000 - 0x000000007bfdf000 	C:\Program Files\MATLAB\R2010b\bin\win64\m_interpreter.dll
0x000000007cba0000 - 0x000000007cbb0000 	C:\Program Files\MATLAB\R2010b\bin\win64\libmex.dll
0x000000007af40000 - 0x000000007afd6000 	C:\Program Files\MATLAB\R2010b\bin\win64\m_dispatcher.dll
0x000000007ade0000 - 0x000000007ae71000 	C:\Program Files\MATLAB\R2010b\bin\win64\profiler.dll
0x000000007cc20000 - 0x000000007cc51000 	C:\Program Files\MATLAB\R2010b\bin\win64\libmwmathrng.dll
0x0000000079130000 - 0x000000007914a000 	C:\Program Files\MATLAB\R2010b\bin\win64\m_pcodeio.dll
0x000000007aca0000 - 0x000000007aced000 	C:\Program Files\MATLAB\R2010b\bin\win64\m_ir.dll
0x000000007b240000 - 0x000000007b856000 	C:\Program Files\MATLAB\R2010b\bin\win64\m_parser.dll
0x000000007cb80000 - 0x000000007cb93000 	C:\Program Files\MATLAB\R2010b\bin\win64\ir_xfmr.dll
0x0000000078b50000 - 0x0000000078d89000 	C:\Program Files\MATLAB\R2010b\bin\win64\mcos.dll
0x000000007cc70000 - 0x000000007cc7c000 	C:\Program Files\MATLAB\R2010b\bin\win64\mtok.dll
0x0000000079110000 - 0x0000000079130000 	C:\Program Files\MATLAB\R2010b\bin\win64\m_pcodegen.dll
0x0000000078300000 - 0x0000000078356000 	C:\Program Files\MATLAB\R2010b\bin\win64\libmwspmatrix.dll
0x000007fef6d00000 - 0x000007fef6e25000 	C:\Windows\system32\dbghelp.dll
0x0000000078360000 - 0x000000007838c000 	C:\Program Files\MATLAB\R2010b\bin\win64\libmwbridge.dll
0x000000007c720000 - 0x000000007c7e0000 	C:\Program Files\MATLAB\R2010b\bin\win64\udd.dll
0x000000007d6d0000 - 0x000000007d82b000 	C:\Program Files\MATLAB\R2010b\bin\win64\libmwgui.dll
0x0000000079250000 - 0x0000000079ad7000 	C:\Program Files\MATLAB\R2010b\bin\win64\hg.dll
0x0000000079030000 - 0x0000000079087000 	C:\Program Files\MATLAB\R2010b\bin\win64\libmat.dll
0x000000007ce60000 - 0x000000007d07b000 	C:\Program Files\MATLAB\R2010b\bin\win64\libhdf5.dll
0x000000007aba0000 - 0x000000007ac24000 	C:\Program Files\MATLAB\R2010b\bin\win64\jmi.dll
0x000000007aae0000 - 0x000000007ab1f000 	C:\Program Files\MATLAB\R2010b\bin\win64\libmwhardcopy.dll
0x000000007ac30000 - 0x000000007ac98000 	C:\Program Files\MATLAB\R2010b\bin\win64\libuij.dll
0x0000000078800000 - 0x00000000789f4000 	C:\Program Files\MATLAB\R2010b\bin\win64\hgdatatypes.dll
0x0000000078740000 - 0x00000000787fa000 	C:\Program Files\MATLAB\R2010b\bin\win64\hgutils.dll
0x0000000079090000 - 0x000000007910c000 	C:\Program Files\MATLAB\R2010b\bin\win64\libmwlapack.dll
0x000000007cbc0000 - 0x000000007cbd3000 	C:\Program Files\MATLAB\R2010b\bin\win64\libmwbinder.dll
0x000000007c7e0000 - 0x000000007caa9000 	C:\Program Files\MATLAB\R2010b\bin\win64\uiw.dll
0x000000007ccd0000 - 0x000000007ccda000 	C:\Program Files\MATLAB\R2010b\bin\win64\uinone.dll
0x0000000070c90000 - 0x0000000070e2c000 	C:\Windows\WinSxS\amd64_microsoft.vc80.mfc_1fc8b3b9a1e18e3b_8.0.50727.4053_none_8444db7d32915e4c\MFC80.DLL
0x000007fef7fd0000 - 0x000007fef8040000 	C:\Windows\system32\WINSPOOL.DRV
0x000007fefdc50000 - 0x000007fefde51000 	C:\Windows\system32\ole32.dll
0x000007fefda40000 - 0x000007fefdb17000 	C:\Windows\system32\OLEAUT32.dll
0x000000007b180000 - 0x000000007b231000 	C:\Program Files\MATLAB\R2010b\bin\win64\udd_mi.dll
0x0000000079150000 - 0x0000000079168000 	C:\Program Files\MATLAB\R2010b\bin\win64\mwoles05.DLL
0x000000007ad60000 - 0x000000007add3000 	C:\Program Files\MATLAB\R2010b\bin\win64\comcli.dll
0x0000000070c70000 - 0x0000000070c90000 	C:\Windows\WinSxS\amd64_microsoft.vc80.atl_1fc8b3b9a1e18e3b_8.0.50727.4053_none_8a1a02152edb659b\ATL80.DLL
0x000000007cc60000 - 0x000000007cc6e000 	C:\Program Files\MATLAB\R2010b\bin\win64\mlautoregister.dll
0x000007fefd710000 - 0x000007fefd73e000 	C:\Windows\system32\IMM32.DLL
0x000007fefd8c0000 - 0x000007fefd9c9000 	C:\Windows\system32\MSCTF.dll
0x000000006fa00000 - 0x000000006fa38000 	C:\PROGRA~2\Sophos\SOPHOS~1\SOPHOS~2.DLL
0x0000000070e60000 - 0x0000000070e6d000 	C:\Windows\WinSxS\amd64_microsoft.vc80.mfcloc_1fc8b3b9a1e18e3b_8.0.50727.4053_none_bc1d1e5b0be08790\MFC80ENU.DLL
0x000007fefb4e0000 - 0x000007fefb536000 	C:\Windows\system32\uxtheme.dll
0x000007fefced0000 - 0x000007fefcedf000 	C:\Windows\system32\profapi.dll
0x000007fefbd10000 - 0x000007fefbd37000 	C:\Windows\system32\iphlpapi.dll
0x000007fefc100000 - 0x000007fefc10b000 	C:\Windows\system32\WINNSI.DLL
0x000007fefc580000 - 0x000007fefc5db000 	C:\Windows\system32\DNSAPI.dll
0x000007fef9e30000 - 0x000007fef9e48000 	C:\Windows\system32\dhcpcsvc.DLL
0x000007fef9e10000 - 0x000007fef9e21000 	C:\Windows\system32\dhcpcsvc6.DLL
0x0000000070c60000 - 0x0000000070c63000 	C:\Windows\system32\icmp.Dll
0x000007fefce00000 - 0x000007fefce0f000 	C:\Windows\system32\CRYPTBASE.dll
0x000007fefd260000 - 0x000007fefd296000 	C:\Windows\system32\CFGMGR32.dll
0x000007fefb080000 - 0x000007fefb098000 	C:\Windows\system32\dwmapi.dll
0x000000006d7f0000 - 0x000000006de4d000 	C:\Program Files\MATLAB\R2010b\sys\java\jre\win64\jre\bin\server\jvm.dll
0x000007fefb810000 - 0x000007fefb84b000 	C:\Windows\system32\WINMM.dll
0x000000007af10000 - 0x000000007af1e000 	C:\Program Files\MATLAB\R2010b\sys\java\jre\win64\jre\bin\verify.dll
0x0000000079200000 - 0x0000000079227000 	C:\Program Files\MATLAB\R2010b\sys\java\jre\win64\jre\bin\java.dll
0x000000007aef0000 - 0x000000007aefa000 	C:\Program Files\MATLAB\R2010b\sys\java\jre\win64\jre\bin\hpi.dll
0x000000007af20000 - 0x000000007af32000 	C:\Program Files\MATLAB\R2010b\sys\java\jre\win64\jre\bin\zip.dll
0x0000000079170000 - 0x0000000079194000 	C:\Program Files\MATLAB\R2010b\bin\win64\nativejava.dll
0x000007fef8560000 - 0x000007fef8578000 	C:\Windows\system32\MPR.dll
0x00000000791a0000 - 0x00000000791da000 	C:\Program Files\MATLAB\R2010b\bin\win64\nativejmi.dll
0x000000007ccc0000 - 0x000000007ccc7000 	C:\Program Files\MATLAB\R2010b\bin\win64\nativeservices.dll
0x000000007a910000 - 0x000000007aad1000 	C:\Program Files\MATLAB\R2010b\sys\java\jre\win64\jre\bin\awt.dll
0x000000007afe0000 - 0x000000007b04b000 	C:\Program Files\MATLAB\R2010b\sys\java\jre\win64\jre\bin\fontmanager.dll
0x0000000079230000 - 0x0000000079247000 	C:\Program Files\MATLAB\R2010b\sys\java\jre\win64\jre\bin\net.dll
0x0000000074c70000 - 0x0000000074c92000 	C:\ProgramData\Sophos\Web Intelligence\swi_ifslsp_64.dll
0x000007fefc110000 - 0x000007fefc11c000 	C:\Windows\system32\VERSION.dll
0x000007fefc700000 - 0x000007fefc754000 	C:\Windows\system32\mswsock.dll
0x000007fefc6f0000 - 0x000007fefc6f7000 	C:\Windows\System32\wship6.dll
0x000000007af00000 - 0x000000007af0b000 	C:\Program Files\MATLAB\R2010b\sys\java\jre\win64\jre\bin\nio.dll
0x00000000783b0000 - 0x00000000783ba000 	C:\Program Files\MATLAB\R2010b\bin\win64\nativelmgr.dll
0x000000007de20000 - 0x000000007de55000 	C:\Program Files\MATLAB\R2010b\sys\java\jre\win64\jre\bin\jpeg.dll
0x000007fefc760000 - 0x000007fefc777000 	C:\Windows\system32\CRYPTSP.dll
0x000007fefc460000 - 0x000007fefc4a7000 	C:\Windows\system32\rsaenh.dll
0x000007fefc220000 - 0x000007fefc23e000 	C:\Windows\system32\USERENV.dll
0x000007fefaa40000 - 0x000007fefaa55000 	C:\Windows\system32\NLAapi.dll

VM Arguments:
jvm_args: -Xss512k -XX:PermSize=32m -Xms64m -XX:NewRatio=3 -XX:MaxPermSize=128m -Xmx196m -XX:MaxDirectMemorySize=2147400000 -Dsun.java2d.noddraw=true -Dsun.awt.nopixfmt=true -Xshare:off -Xrs -Dsun.awt.disableMixing=true -Djava.library.path=C:\Program Files\MATLAB\R2010b\bin\win64 vfprintf abort 
java_command: <unknown>
Launcher Type: generic

Environment Variables:
CLASSPATH=.;C:\Program Files (x86)\Java\jre6\lib\ext\QTJava.zip
PATH=C:\Program Files (x86)\MiKTeX 2.9\miktex\bin;C:\Windows\system32;C:\Windows;C:\Windows\System32\Wbem;C:\Windows\System32\WindowsPowerShell\v1.0\;C:\Program Files\MATLAB\R2010b\runtime\win64;C:\Program Files\MATLAB\R2010b\bin;c:\Program Files (x86)\Microsoft SQL Server\100\Tools\Binn\;c:\Program Files\Microsoft SQL Server\100\Tools\Binn\;c:\Program Files\Microsoft SQL Server\100\DTS\Binn\;QUARTUS_ROOTDIR\bin;C:\Program Files (x86)\QuickTime\QTSystem\;C:\altera\90\modelsim_ase\win32aloem
USERNAME=Haim_Cohen
OS=Windows_NT
PROCESSOR_IDENTIFIER=Intel64 Family 6 Model 23 Stepping 10, GenuineIntel



---------------  S Y S T E M  ---------------

OS: Windows 7 Build 7600 

CPU:total 2 (2 cores per cpu, 1 threads per core) family 6 model 23 stepping 10, cmov, cx8, fxsr, mmx, sse, sse2, sse3, ssse3, sse4.1

Memory: 4k page, physical 4094932k(1021840k free), swap 8187964k(4009224k free)

vm_info: Java HotSpot(TM) 64-Bit Server VM (14.3-b01) for windows-amd64 JRE (1.6.0_17-b04), built on Oct 11 2009 00:46:08 by "java_re" with MS VC++ 8.0

time: Fri Apr 04 17:08:56 2014
elapsed time: 8162 seconds

